============================================
MORGANA ARSENAL + MISP INSTALLATION LOG
Started: 2026-01-11 10:32:07
============================================

[2026-01-11 10:32:07][DEBUG] Parsing command line arguments...

============================================
[2026-01-11 10:32:07] STEP: Pre-flight Checks
============================================

[0;36mâ•â•â•â•â•â•â•â•â•â•â•â•â•â•â•â•â•â•â•â•â•â•â•â•â•â•â•â•â•â•â•â•â•â•â•â•â•â•â•â•[0m
[0;36m  Pre-flight Checks[0m
[0;36mâ•â•â•â•â•â•â•â•â•â•â•â•â•â•â•â•â•â•â•â•â•â•â•â•â•â•â•â•â•â•â•â•â•â•â•â•â•â•â•â•[0m

[2026-01-11 10:32:07][SUBSTEP] >> Checking if running as root...
[2026-01-11 10:32:07][DEBUG] Running as root: OK
[2026-01-11 10:32:07][SUBSTEP] >> Detecting operating system...
[2026-01-11 10:32:07][DEBUG] OS Release file found: /etc/os-release
[0;32m[2026-01-11 10:32:07][INFO][0m OS: Ubuntu 24.04
[2026-01-11 10:32:07][DEBUG] OS ID: ubuntu
[2026-01-11 10:32:07][SUBSTEP] >> Detecting target user...
[2026-01-11 10:32:07][DEBUG] No --user argument provided, auto-detecting...
[2026-01-11 10:32:07][DEBUG] Found /home/morgana directory
[0;32m[2026-01-11 10:32:07][INFO][0m User: morgana
[0;32m[2026-01-11 10:32:07][INFO][0m Home: /home/morgana
[0;32m[2026-01-11 10:32:07][INFO][0m Install directory: /home/morgana/morgana-arsenal
[2026-01-11 10:32:07][SUBSTEP] >> Checking if user exists...
[2026-01-11 10:32:08][DEBUG] User morgana already exists
[2026-01-11 10:32:08][SUBSTEP] >> Detecting server IP address...
[2026-01-11 10:32:08][DEBUG] No --ip argument provided, auto-detecting...
[2026-01-11 10:32:08][DEBUG] Local IP from hostname -I: 192.168.124.131
[0;32m[2026-01-11 10:32:08][INFO][0m Server IP: 192.168.124.131
[2026-01-11 10:32:08][DEBUG] Server IP detection complete
[2026-01-11 10:32:08][SUBSTEP] >> Detecting installation mode...
[0;32m[2026-01-11 10:32:08][INFO][0m Morgana Arsenal not found
[0;32m[2026-01-11 10:32:08][INFO][0m Mode: FRESH Installation + MISP
[2026-01-11 10:32:08][DEBUG] Directory /home/morgana/morgana-arsenal does not exist or missing server.py
[2026-01-11 10:32:08][DEBUG] Pre-flight checks completed successfully

============================================
[2026-01-11 10:32:08] STEP: Step 1: Installing System Dependencies
============================================

[0;36mâ•â•â•â•â•â•â•â•â•â•â•â•â•â•â•â•â•â•â•â•â•â•â•â•â•â•â•â•â•â•â•â•â•â•â•â•â•â•â•â•[0m
[0;36m  Step 1: Installing System Dependencies[0m
[0;36mâ•â•â•â•â•â•â•â•â•â•â•â•â•â•â•â•â•â•â•â•â•â•â•â•â•â•â•â•â•â•â•â•â•â•â•â•â•â•â•â•[0m

[2026-01-11 10:32:08][SUBSTEP] >> Updating apt package lists...
[2026-01-11 10:32:08][CMD] Running: apt-get update
Get:1 http://security.ubuntu.com/ubuntu noble-security InRelease [126 kB]
Hit:2 http://gb.archive.ubuntu.com/ubuntu noble InRelease
Get:3 http://gb.archive.ubuntu.com/ubuntu noble-updates InRelease [126 kB]
Get:4 https://packages.microsoft.com/repos/code stable InRelease [3,590 B]
Get:5 https://dl.google.com/linux/chrome/deb stable InRelease [1,825 B]
Get:6 https://packages.microsoft.com/repos/code stable/main amd64 Packages [20.4 kB]
Get:7 http://gb.archive.ubuntu.com/ubuntu noble-backports InRelease [126 kB]
Get:8 https://dl.google.com/linux/chrome/deb stable/main amd64 Packages [1,214 B]
Get:9 http://security.ubuntu.com/ubuntu noble-security/main amd64 Components [21.5 kB]
Get:10 http://security.ubuntu.com/ubuntu noble-security/restricted amd64 Components [208 B]
Get:11 http://security.ubuntu.com/ubuntu noble-security/universe amd64 Components [71.5 kB]
Get:12 http://gb.archive.ubuntu.com/ubuntu noble-updates/main amd64 Packages [1,690 kB]
Get:13 http://security.ubuntu.com/ubuntu noble-security/multiverse amd64 Components [208 B]
Get:14 http://gb.archive.ubuntu.com/ubuntu noble-updates/main amd64 Components [175 kB]
Get:15 http://gb.archive.ubuntu.com/ubuntu noble-updates/restricted amd64 Components [212 B]
Get:16 http://gb.archive.ubuntu.com/ubuntu noble-updates/universe amd64 Packages [1,510 kB]
Get:17 http://gb.archive.ubuntu.com/ubuntu noble-updates/universe amd64 Components [378 kB]
Get:18 http://gb.archive.ubuntu.com/ubuntu noble-updates/multiverse amd64 Components [940 B]
Get:19 http://gb.archive.ubuntu.com/ubuntu noble-backports/main amd64 Components [7,300 B]
Get:20 http://gb.archive.ubuntu.com/ubuntu noble-backports/restricted amd64 Components [216 B]
Get:21 http://gb.archive.ubuntu.com/ubuntu noble-backports/universe amd64 Components [10.5 kB]
Get:22 http://gb.archive.ubuntu.com/ubuntu noble-backports/multiverse amd64 Components [212 B]
Fetched 4,271 kB in 1s (3,118 kB/s)
Reading package lists...
[2026-01-11 10:32:16][SUBSTEP] >> Installing common dependencies...
[2026-01-11 10:32:16][DEBUG] Packages: git curl wget gnupg python3 python3-pip python3-venv python3-dev build-essential libssl-dev libffi-dev nginx mariadb-server mariadb-client redis-server zip unzip jq dnsmasq
[2026-01-11 10:32:16][CMD] Running: apt-get install -y [common packages]
Reading package lists...
Building dependency tree...
Reading state information...
curl is already the newest version (8.5.0-2ubuntu10.6).
wget is already the newest version (1.21.4-1ubuntu4.1).
wget set to manually installed.
gnupg is already the newest version (2.4.4-2ubuntu17.4).
gnupg set to manually installed.
python3 is already the newest version (3.12.3-0ubuntu2.1).
python3 set to manually installed.
zip is already the newest version (3.0-13ubuntu0.2).
zip set to manually installed.
unzip is already the newest version (6.0-28ubuntu4.1).
unzip set to manually installed.
jq is already the newest version (1.7.1-3ubuntu0.24.04.1).
jq set to manually installed.
The following additional packages will be installed:
  binutils binutils-common binutils-x86-64-linux-gnu bzip2 dpkg-dev fakeroot
  g++ g++-13 g++-13-x86-64-linux-gnu g++-x86-64-linux-gnu galera-4 gawk gcc
  gcc-13 gcc-13-x86-64-linux-gnu gcc-x86-64-linux-gnu git-man
  javascript-common libalgorithm-diff-perl libalgorithm-diff-xs-perl
  libalgorithm-merge-perl libasan8 libbinutils libcc1-0 libcgi-fast-perl
  libcgi-pm-perl libconfig-inifiles-perl libctf-nobfd0 libctf0
  libdbd-mysql-perl libdbi-perl libdpkg-perl liberror-perl libexpat1-dev
  libfakeroot libfcgi-bin libfcgi-perl libfcgi0t64 libfile-fcntllock-perl
  libgcc-13-dev libgprofng0 libhtml-template-perl libhwasan0 libitm1
  libjemalloc2 libjs-jquery libjs-sphinxdoc libjs-underscore liblsan0 liblzf1
  libmariadb3 libmysqlclient21 libpython3-dev libpython3.12-dev libquadmath0
  libsframe1 libsigsegv2 libsnappy1v5 libstdc++-13-dev libterm-readkey-perl
  libtsan2 libubsan1 liburing2 lto-disabled-list make mariadb-client-core
  mariadb-common mariadb-plugin-provider-bzip2 mariadb-plugin-provider-lz4
  mariadb-plugin-provider-lzma mariadb-plugin-provider-lzo
  mariadb-plugin-provider-snappy mariadb-server-core mysql-common nginx-common
  pv python3-pip-whl python3-setuptools python3-setuptools-whl python3-wheel
  python3.12-dev python3.12-venv redis-tools socat zlib1g-dev
Suggested packages:
  binutils-doc gprofng-gui bzip2-doc debian-keyring g++-multilib
  g++-13-multilib gcc-13-doc gawk-doc gcc-multilib autoconf automake libtool
  flex bison gcc-doc gcc-13-multilib gcc-13-locales gdb-x86-64-linux-gnu
  git-daemon-run | git-daemon-sysvinit git-doc git-email git-gui gitk gitweb
  git-cvs git-mediawiki git-svn libmldbm-perl libnet-daemon-perl
  libsql-statement-perl bzr libipc-sharedcache-perl libssl-doc
  libstdc++-13-doc make-doc mailx mariadb-test fcgiwrap nginx-doc doc-base
  python-setuptools-doc ruby-redis
The following NEW packages will be installed:
  binutils binutils-common binutils-x86-64-linux-gnu build-essential bzip2
  dnsmasq dpkg-dev fakeroot g++ g++-13 g++-13-x86-64-linux-gnu
  g++-x86-64-linux-gnu galera-4 gawk gcc gcc-13 gcc-13-x86-64-linux-gnu
  gcc-x86-64-linux-gnu git git-man javascript-common libalgorithm-diff-perl
  libalgorithm-diff-xs-perl libalgorithm-merge-perl libasan8 libbinutils
  libcc1-0 libcgi-fast-perl libcgi-pm-perl libconfig-inifiles-perl
  libctf-nobfd0 libctf0 libdbd-mysql-perl libdbi-perl libdpkg-perl
  liberror-perl libexpat1-dev libfakeroot libfcgi-bin libfcgi-perl libfcgi0t64
  libffi-dev libfile-fcntllock-perl libgcc-13-dev libgprofng0
  libhtml-template-perl libhwasan0 libitm1 libjemalloc2 libjs-jquery
  libjs-sphinxdoc libjs-underscore liblsan0 liblzf1 libmariadb3
  libmysqlclient21 libpython3-dev libpython3.12-dev libquadmath0 libsframe1
  libsigsegv2 libsnappy1v5 libssl-dev libstdc++-13-dev libterm-readkey-perl
  libtsan2 libubsan1 liburing2 lto-disabled-list make mariadb-client
  mariadb-client-core mariadb-common mariadb-plugin-provider-bzip2
  mariadb-plugin-provider-lz4 mariadb-plugin-provider-lzma
  mariadb-plugin-provider-lzo mariadb-plugin-provider-snappy mariadb-server
  mariadb-server-core mysql-common nginx nginx-common pv python3-dev
  python3-pip python3-pip-whl python3-setuptools python3-setuptools-whl
  python3-venv python3-wheel python3.12-dev python3.12-venv redis-server
  redis-tools socat zlib1g-dev
0 upgraded, 97 newly installed, 0 to remove and 148 not upgraded.
Need to get 96.4 MB of archives.
After this operation, 489 MB of additional disk space will be used.
Get:1 http://gb.archive.ubuntu.com/ubuntu noble-updates/universe amd64 dnsmasq all 2.90-2ubuntu0.1 [17.9 kB]
Get:2 http://gb.archive.ubuntu.com/ubuntu noble/universe amd64 galera-4 amd64 26.4.16-2build4 [736 kB]
Get:3 http://gb.archive.ubuntu.com/ubuntu noble/main amd64 libsigsegv2 amd64 2.14-1ubuntu2 [15.0 kB]
Get:4 http://gb.archive.ubuntu.com/ubuntu noble/main amd64 gawk amd64 1:5.2.1-2build3 [463 kB]
Get:5 http://gb.archive.ubuntu.com/ubuntu noble/main amd64 mysql-common all 5.8+1.1.0build1 [6,746 B]
Get:6 http://gb.archive.ubuntu.com/ubuntu noble-updates/universe amd64 mariadb-common all 1:10.11.13-0ubuntu0.24.04.1 [28.3 kB]
Get:7 http://gb.archive.ubuntu.com/ubuntu noble/main amd64 libdbi-perl amd64 1.643-4build3 [721 kB]
Get:8 http://gb.archive.ubuntu.com/ubuntu noble/main amd64 libconfig-inifiles-perl all 3.000003-2 [39.4 kB]
Get:9 http://gb.archive.ubuntu.com/ubuntu noble-updates/universe amd64 libmariadb3 amd64 1:10.11.13-0ubuntu0.24.04.1 [196 kB]
Get:10 http://gb.archive.ubuntu.com/ubuntu noble-updates/universe amd64 mariadb-client-core amd64 1:10.11.13-0ubuntu0.24.04.1 [1,037 kB]
Get:11 http://gb.archive.ubuntu.com/ubuntu noble-updates/universe amd64 mariadb-client amd64 1:10.11.13-0ubuntu0.24.04.1 [2,500 kB]
Get:12 http://gb.archive.ubuntu.com/ubuntu noble/main amd64 liburing2 amd64 2.5-1build1 [21.1 kB]
Get:13 http://gb.archive.ubuntu.com/ubuntu noble-updates/universe amd64 mariadb-server-core amd64 1:10.11.13-0ubuntu0.24.04.1 [8,392 kB]
Get:14 http://gb.archive.ubuntu.com/ubuntu noble/main amd64 socat amd64 1.8.0.0-4build3 [374 kB]
Get:15 http://gb.archive.ubuntu.com/ubuntu noble-updates/universe amd64 mariadb-server amd64 1:10.11.13-0ubuntu0.24.04.1 [3,464 kB]
Get:16 http://gb.archive.ubuntu.com/ubuntu noble/universe amd64 libjemalloc2 amd64 5.3.0-2build1 [256 kB]
Get:17 http://gb.archive.ubuntu.com/ubuntu noble/universe amd64 liblzf1 amd64 3.6-4 [7,624 B]
Get:18 http://gb.archive.ubuntu.com/ubuntu noble-updates/universe amd64 redis-tools amd64 5:7.0.15-1ubuntu0.24.04.2 [1,166 kB]
Get:19 http://gb.archive.ubuntu.com/ubuntu noble-updates/universe amd64 redis-server amd64 5:7.0.15-1ubuntu0.24.04.2 [51.7 kB]
Get:20 http://gb.archive.ubuntu.com/ubuntu noble-updates/main amd64 binutils-common amd64 2.42-4ubuntu2.8 [240 kB]
Get:21 http://gb.archive.ubuntu.com/ubuntu noble-updates/main amd64 libsframe1 amd64 2.42-4ubuntu2.8 [15.6 kB]
Get:22 http://gb.archive.ubuntu.com/ubuntu noble-updates/main amd64 libbinutils amd64 2.42-4ubuntu2.8 [576 kB]
Get:23 http://gb.archive.ubuntu.com/ubuntu noble-updates/main amd64 libctf-nobfd0 amd64 2.42-4ubuntu2.8 [97.9 kB]
Get:24 http://gb.archive.ubuntu.com/ubuntu noble-updates/main amd64 libctf0 amd64 2.42-4ubuntu2.8 [94.5 kB]
Get:25 http://gb.archive.ubuntu.com/ubuntu noble-updates/main amd64 libgprofng0 amd64 2.42-4ubuntu2.8 [849 kB]
Get:26 http://gb.archive.ubuntu.com/ubuntu noble-updates/main amd64 binutils-x86-64-linux-gnu amd64 2.42-4ubuntu2.8 [2,463 kB]
Get:27 http://gb.archive.ubuntu.com/ubuntu noble-updates/main amd64 binutils amd64 2.42-4ubuntu2.8 [18.1 kB]
Get:28 http://gb.archive.ubuntu.com/ubuntu noble-updates/main amd64 libcc1-0 amd64 14.2.0-4ubuntu2~24.04 [48.0 kB]
Get:29 http://gb.archive.ubuntu.com/ubuntu noble-updates/main amd64 libitm1 amd64 14.2.0-4ubuntu2~24.04 [29.7 kB]
Get:30 http://gb.archive.ubuntu.com/ubuntu noble-updates/main amd64 libasan8 amd64 14.2.0-4ubuntu2~24.04 [3,031 kB]
Get:31 http://gb.archive.ubuntu.com/ubuntu noble-updates/main amd64 liblsan0 amd64 14.2.0-4ubuntu2~24.04 [1,322 kB]
Get:32 http://gb.archive.ubuntu.com/ubuntu noble-updates/main amd64 libtsan2 amd64 14.2.0-4ubuntu2~24.04 [2,772 kB]
Get:33 http://gb.archive.ubuntu.com/ubuntu noble-updates/main amd64 libubsan1 amd64 14.2.0-4ubuntu2~24.04 [1,184 kB]
Get:34 http://gb.archive.ubuntu.com/ubuntu noble-updates/main amd64 libhwasan0 amd64 14.2.0-4ubuntu2~24.04 [1,641 kB]
Get:35 http://gb.archive.ubuntu.com/ubuntu noble-updates/main amd64 libquadmath0 amd64 14.2.0-4ubuntu2~24.04 [153 kB]
Get:36 http://gb.archive.ubuntu.com/ubuntu noble-updates/main amd64 libgcc-13-dev amd64 13.3.0-6ubuntu2~24.04 [2,681 kB]
Get:37 http://gb.archive.ubuntu.com/ubuntu noble-updates/main amd64 gcc-13-x86-64-linux-gnu amd64 13.3.0-6ubuntu2~24.04 [21.1 MB]
Get:38 http://gb.archive.ubuntu.com/ubuntu noble-updates/main amd64 gcc-13 amd64 13.3.0-6ubuntu2~24.04 [494 kB]
Get:39 http://gb.archive.ubuntu.com/ubuntu noble/main amd64 gcc-x86-64-linux-gnu amd64 4:13.2.0-7ubuntu1 [1,212 B]
Get:40 http://gb.archive.ubuntu.com/ubuntu noble/main amd64 gcc amd64 4:13.2.0-7ubuntu1 [5,018 B]
Get:41 http://gb.archive.ubuntu.com/ubuntu noble-updates/main amd64 libstdc++-13-dev amd64 13.3.0-6ubuntu2~24.04 [2,420 kB]
Get:42 http://gb.archive.ubuntu.com/ubuntu noble-updates/main amd64 g++-13-x86-64-linux-gnu amd64 13.3.0-6ubuntu2~24.04 [12.2 MB]
Get:43 http://gb.archive.ubuntu.com/ubuntu noble-updates/main amd64 g++-13 amd64 13.3.0-6ubuntu2~24.04 [16.1 kB]
Get:44 http://gb.archive.ubuntu.com/ubuntu noble/main amd64 g++-x86-64-linux-gnu amd64 4:13.2.0-7ubuntu1 [964 B]
Get:45 http://gb.archive.ubuntu.com/ubuntu noble/main amd64 g++ amd64 4:13.2.0-7ubuntu1 [1,100 B]
Get:46 http://gb.archive.ubuntu.com/ubuntu noble/main amd64 make amd64 4.3-4.1build2 [180 kB]
Get:47 http://gb.archive.ubuntu.com/ubuntu noble-updates/main amd64 libdpkg-perl all 1.22.6ubuntu6.5 [269 kB]
Get:48 http://gb.archive.ubuntu.com/ubuntu noble-updates/main amd64 bzip2 amd64 1.0.8-5.1build0.1 [34.5 kB]
Get:49 http://gb.archive.ubuntu.com/ubuntu noble/main amd64 lto-disabled-list all 47 [12.4 kB]
Get:50 http://gb.archive.ubuntu.com/ubuntu noble-updates/main amd64 dpkg-dev all 1.22.6ubuntu6.5 [1,074 kB]
Get:51 http://gb.archive.ubuntu.com/ubuntu noble/main amd64 build-essential amd64 12.10ubuntu1 [4,928 B]
Get:52 http://gb.archive.ubuntu.com/ubuntu noble/main amd64 libfakeroot amd64 1.33-1 [32.4 kB]
Get:53 http://gb.archive.ubuntu.com/ubuntu noble/main amd64 fakeroot amd64 1.33-1 [67.2 kB]
Get:54 http://gb.archive.ubuntu.com/ubuntu noble/main amd64 liberror-perl all 0.17029-2 [25.6 kB]
Get:55 http://gb.archive.ubuntu.com/ubuntu noble-updates/main amd64 git-man all 1:2.43.0-1ubuntu7.3 [1,100 kB]
Get:56 http://gb.archive.ubuntu.com/ubuntu noble-updates/main amd64 git amd64 1:2.43.0-1ubuntu7.3 [3,680 kB]
Get:57 http://gb.archive.ubuntu.com/ubuntu noble/main amd64 javascript-common all 11+nmu1 [5,936 B]
Get:58 http://gb.archive.ubuntu.com/ubuntu noble/main amd64 libalgorithm-diff-perl all 1.201-1 [41.8 kB]
Get:59 http://gb.archive.ubuntu.com/ubuntu noble/main amd64 libalgorithm-diff-xs-perl amd64 0.04-8build3 [11.2 kB]
Get:60 http://gb.archive.ubuntu.com/ubuntu noble/main amd64 libalgorithm-merge-perl all 0.08-5 [11.4 kB]
Get:61 http://gb.archive.ubuntu.com/ubuntu noble/main amd64 libcgi-pm-perl all 4.63-1 [185 kB]
Get:62 http://gb.archive.ubuntu.com/ubuntu noble-updates/main amd64 libfcgi0t64 amd64 2.4.2-2.1ubuntu0.24.04.1 [27.0 kB]
Get:63 http://gb.archive.ubuntu.com/ubuntu noble/main amd64 libfcgi-perl amd64 0.82+ds-3build2 [21.7 kB]
Get:64 http://gb.archive.ubuntu.com/ubuntu noble/main amd64 libcgi-fast-perl all 1:2.17-1 [10.3 kB]
Get:65 http://gb.archive.ubuntu.com/ubuntu noble-updates/main amd64 libmysqlclient21 amd64 8.0.44-0ubuntu0.24.04.2 [1,254 kB]
Get:66 http://gb.archive.ubuntu.com/ubuntu noble/universe amd64 libdbd-mysql-perl amd64 4.052-1ubuntu3 [85.5 kB]
Get:67 http://gb.archive.ubuntu.com/ubuntu noble-updates/main amd64 libexpat1-dev amd64 2.6.1-2ubuntu0.3 [140 kB]
Get:68 http://gb.archive.ubuntu.com/ubuntu noble-updates/main amd64 libfcgi-bin amd64 2.4.2-2.1ubuntu0.24.04.1 [11.2 kB]
Get:69 http://gb.archive.ubuntu.com/ubuntu noble/main amd64 libfile-fcntllock-perl amd64 0.22-4ubuntu5 [30.7 kB]
Get:70 http://gb.archive.ubuntu.com/ubuntu noble/main amd64 libhtml-template-perl all 2.97-2 [60.2 kB]
Get:71 http://gb.archive.ubuntu.com/ubuntu noble/main amd64 libjs-jquery all 3.6.1+dfsg+~3.5.14-1 [328 kB]
Get:72 http://gb.archive.ubuntu.com/ubuntu noble/main amd64 libjs-underscore all 1.13.4~dfsg+~1.11.4-3 [118 kB]
Get:73 http://gb.archive.ubuntu.com/ubuntu noble/main amd64 libjs-sphinxdoc all 7.2.6-6 [149 kB]
Get:74 http://gb.archive.ubuntu.com/ubuntu noble-updates/main amd64 zlib1g-dev amd64 1:1.3.dfsg-3.1ubuntu2.1 [894 kB]
Get:75 http://gb.archive.ubuntu.com/ubuntu noble-updates/main amd64 libpython3.12-dev amd64 3.12.3-1ubuntu0.9 [5,677 kB]
Get:76 http://gb.archive.ubuntu.com/ubuntu noble-updates/main amd64 libpython3-dev amd64 3.12.3-0ubuntu2.1 [10.3 kB]
Get:77 http://gb.archive.ubuntu.com/ubuntu noble-updates/main amd64 libssl-dev amd64 3.0.13-0ubuntu3.6 [2,408 kB]
Get:78 http://gb.archive.ubuntu.com/ubuntu noble/main amd64 libterm-readkey-perl amd64 2.38-2build4 [23.1 kB]
Get:79 http://gb.archive.ubuntu.com/ubuntu noble-updates/universe amd64 mariadb-plugin-provider-bzip2 amd64 1:10.11.13-0ubuntu0.24.04.1 [13.9 kB]
Get:80 http://gb.archive.ubuntu.com/ubuntu noble-updates/universe amd64 mariadb-plugin-provider-lz4 amd64 1:10.11.13-0ubuntu0.24.04.1 [13.8 kB]
Get:81 http://gb.archive.ubuntu.com/ubuntu noble-updates/universe amd64 mariadb-plugin-provider-lzma amd64 1:10.11.13-0ubuntu0.24.04.1 [13.8 kB]
Get:82 http://gb.archive.ubuntu.com/ubuntu noble-updates/universe amd64 mariadb-plugin-provider-lzo amd64 1:10.11.13-0ubuntu0.24.04.1 [13.8 kB]
Get:83 http://gb.archive.ubuntu.com/ubuntu noble/main amd64 libsnappy1v5 amd64 1.1.10-1build1 [28.6 kB]
Get:84 http://gb.archive.ubuntu.com/ubuntu noble-updates/universe amd64 mariadb-plugin-provider-snappy amd64 1:10.11.13-0ubuntu0.24.04.1 [13.8 kB]
Get:85 http://gb.archive.ubuntu.com/ubuntu noble-updates/main amd64 nginx-common all 1.24.0-2ubuntu7.5 [43.4 kB]
Get:86 http://gb.archive.ubuntu.com/ubuntu noble-updates/main amd64 nginx amd64 1.24.0-2ubuntu7.5 [520 kB]
Get:87 http://gb.archive.ubuntu.com/ubuntu noble/main amd64 pv amd64 1.8.5-2build1 [73.9 kB]
Get:88 http://gb.archive.ubuntu.com/ubuntu noble-updates/main amd64 python3.12-dev amd64 3.12.3-1ubuntu0.9 [498 kB]
Get:89 http://gb.archive.ubuntu.com/ubuntu noble-updates/main amd64 python3-dev amd64 3.12.3-0ubuntu2.1 [26.7 kB]
Get:90 http://gb.archive.ubuntu.com/ubuntu noble-updates/main amd64 python3-setuptools all 68.1.2-2ubuntu1.2 [397 kB]
Get:91 http://gb.archive.ubuntu.com/ubuntu noble/universe amd64 python3-wheel all 0.42.0-2 [53.1 kB]
Get:92 http://gb.archive.ubuntu.com/ubuntu noble-updates/universe amd64 python3-pip all 24.0+dfsg-1ubuntu1.3 [1,320 kB]
Get:93 http://gb.archive.ubuntu.com/ubuntu noble-updates/universe amd64 python3-pip-whl all 24.0+dfsg-1ubuntu1.3 [1,707 kB]
Get:94 http://gb.archive.ubuntu.com/ubuntu noble-updates/universe amd64 python3-setuptools-whl all 68.1.2-2ubuntu1.2 [716 kB]
Get:95 http://gb.archive.ubuntu.com/ubuntu noble-updates/universe amd64 python3.12-venv amd64 3.12.3-1ubuntu0.9 [5,674 B]
Get:96 http://gb.archive.ubuntu.com/ubuntu noble-updates/universe amd64 python3-venv amd64 3.12.3-0ubuntu2.1 [1,032 B]
Get:97 http://gb.archive.ubuntu.com/ubuntu noble/main amd64 libffi-dev amd64 3.4.6-1build1 [62.8 kB]
Preconfiguring packages ...
Fetched 96.4 MB in 2s (40.6 MB/s)
Selecting previously unselected package dnsmasq.
(Reading database ... 
(Reading database ... 5%
(Reading database ... 10%
(Reading database ... 15%
(Reading database ... 20%
(Reading database ... 25%
(Reading database ... 30%
(Reading database ... 35%
(Reading database ... 40%
(Reading database ... 45%
(Reading database ... 50%
(Reading database ... 55%
(Reading database ... 60%
(Reading database ... 65%
(Reading database ... 70%
(Reading database ... 75%
(Reading database ... 80%
(Reading database ... 85%
(Reading database ... 90%
(Reading database ... 95%
(Reading database ... 100%
(Reading database ... 154180 files and directories currently installed.)
Preparing to unpack .../dnsmasq_2.90-2ubuntu0.1_all.deb ...
Unpacking dnsmasq (2.90-2ubuntu0.1) ...
Selecting previously unselected package galera-4.
Preparing to unpack .../galera-4_26.4.16-2build4_amd64.deb ...
info: The home dir /nonexistent you specified can't be accessed: No such file or directory

info: Selecting UID from range 100 to 999 ...

info: Adding system user `_galera' (UID 122) ...
info: Adding new user `_galera' (UID 122) with group `nogroup' ...
info: Not creating `/nonexistent'.
Unpacking galera-4 (26.4.16-2build4) ...
Selecting previously unselected package libsigsegv2:amd64.
Preparing to unpack .../libsigsegv2_2.14-1ubuntu2_amd64.deb ...
Unpacking libsigsegv2:amd64 (2.14-1ubuntu2) ...
Setting up libsigsegv2:amd64 (2.14-1ubuntu2) ...
Selecting previously unselected package gawk.
(Reading database ... 
(Reading database ... 5%
(Reading database ... 10%
(Reading database ... 15%
(Reading database ... 20%
(Reading database ... 25%
(Reading database ... 30%
(Reading database ... 35%
(Reading database ... 40%
(Reading database ... 45%
(Reading database ... 50%
(Reading database ... 55%
(Reading database ... 60%
(Reading database ... 65%
(Reading database ... 70%
(Reading database ... 75%
(Reading database ... 80%
(Reading database ... 85%
(Reading database ... 90%
(Reading database ... 95%
(Reading database ... 100%
(Reading database ... 154218 files and directories currently installed.)
Preparing to unpack .../00-gawk_1%3a5.2.1-2build3_amd64.deb ...
Unpacking gawk (1:5.2.1-2build3) ...
Selecting previously unselected package mysql-common.
Preparing to unpack .../01-mysql-common_5.8+1.1.0build1_all.deb ...
Unpacking mysql-common (5.8+1.1.0build1) ...
Selecting previously unselected package mariadb-common.
Preparing to unpack .../02-mariadb-common_1%3a10.11.13-0ubuntu0.24.04.1_all.deb ...
Unpacking mariadb-common (1:10.11.13-0ubuntu0.24.04.1) ...
Selecting previously unselected package libdbi-perl:amd64.
Preparing to unpack .../03-libdbi-perl_1.643-4build3_amd64.deb ...
Unpacking libdbi-perl:amd64 (1.643-4build3) ...
Selecting previously unselected package libconfig-inifiles-perl.
Preparing to unpack .../04-libconfig-inifiles-perl_3.000003-2_all.deb ...
Unpacking libconfig-inifiles-perl (3.000003-2) ...
Selecting previously unselected package libmariadb3:amd64.
Preparing to unpack .../05-libmariadb3_1%3a10.11.13-0ubuntu0.24.04.1_amd64.deb ...
Unpacking libmariadb3:amd64 (1:10.11.13-0ubuntu0.24.04.1) ...
Selecting previously unselected package mariadb-client-core.
Preparing to unpack .../06-mariadb-client-core_1%3a10.11.13-0ubuntu0.24.04.1_amd64.deb ...
Unpacking mariadb-client-core (1:10.11.13-0ubuntu0.24.04.1) ...
Selecting previously unselected package mariadb-client.
Preparing to unpack .../07-mariadb-client_1%3a10.11.13-0ubuntu0.24.04.1_amd64.deb ...
Unpacking mariadb-client (1:10.11.13-0ubuntu0.24.04.1) ...
Selecting previously unselected package liburing2:amd64.
Preparing to unpack .../08-liburing2_2.5-1build1_amd64.deb ...
Unpacking liburing2:amd64 (2.5-1build1) ...
Selecting previously unselected package mariadb-server-core.
Preparing to unpack .../09-mariadb-server-core_1%3a10.11.13-0ubuntu0.24.04.1_amd64.deb ...
Unpacking mariadb-server-core (1:10.11.13-0ubuntu0.24.04.1) ...
Selecting previously unselected package socat.
Preparing to unpack .../10-socat_1.8.0.0-4build3_amd64.deb ...
Unpacking socat (1.8.0.0-4build3) ...
Setting up mysql-common (5.8+1.1.0build1) ...
update-alternatives: using /etc/mysql/my.cnf.fallback to provide /etc/mysql/my.cnf (my.cnf) in auto mode
Setting up mariadb-common (1:10.11.13-0ubuntu0.24.04.1) ...
update-alternatives: using /etc/mysql/mariadb.cnf to provide /etc/mysql/my.cnf (my.cnf) in auto mode
Selecting previously unselected package mariadb-server.
(Reading database ... 
(Reading database ... 5%
(Reading database ... 10%
(Reading database ... 15%
(Reading database ... 20%
(Reading database ... 25%
(Reading database ... 30%
(Reading database ... 35%
(Reading database ... 40%
(Reading database ... 45%
(Reading database ... 50%
(Reading database ... 55%
(Reading database ... 60%
(Reading database ... 65%
(Reading database ... 70%
(Reading database ... 75%
(Reading database ... 80%
(Reading database ... 85%
(Reading database ... 90%
(Reading database ... 95%
(Reading database ... 100%
(Reading database ... 154849 files and directories currently installed.)
Preparing to unpack .../00-mariadb-server_1%3a10.11.13-0ubuntu0.24.04.1_amd64.deb ...
Unpacking mariadb-server (1:10.11.13-0ubuntu0.24.04.1) ...
Selecting previously unselected package libjemalloc2:amd64.
Preparing to unpack .../01-libjemalloc2_5.3.0-2build1_amd64.deb ...
Unpacking libjemalloc2:amd64 (5.3.0-2build1) ...
Selecting previously unselected package liblzf1:amd64.
Preparing to unpack .../02-liblzf1_3.6-4_amd64.deb ...
Unpacking liblzf1:amd64 (3.6-4) ...
Selecting previously unselected package redis-tools.
Preparing to unpack .../03-redis-tools_5%3a7.0.15-1ubuntu0.24.04.2_amd64.deb ...
Unpacking redis-tools (5:7.0.15-1ubuntu0.24.04.2) ...
Selecting previously unselected package redis-server.
Preparing to unpack .../04-redis-server_5%3a7.0.15-1ubuntu0.24.04.2_amd64.deb ...
Unpacking redis-server (5:7.0.15-1ubuntu0.24.04.2) ...
Selecting previously unselected package binutils-common:amd64.
Preparing to unpack .../05-binutils-common_2.42-4ubuntu2.8_amd64.deb ...
Unpacking binutils-common:amd64 (2.42-4ubuntu2.8) ...
Selecting previously unselected package libsframe1:amd64.
Preparing to unpack .../06-libsframe1_2.42-4ubuntu2.8_amd64.deb ...
Unpacking libsframe1:amd64 (2.42-4ubuntu2.8) ...
Selecting previously unselected package libbinutils:amd64.
Preparing to unpack .../07-libbinutils_2.42-4ubuntu2.8_amd64.deb ...
Unpacking libbinutils:amd64 (2.42-4ubuntu2.8) ...
Selecting previously unselected package libctf-nobfd0:amd64.
Preparing to unpack .../08-libctf-nobfd0_2.42-4ubuntu2.8_amd64.deb ...
Unpacking libctf-nobfd0:amd64 (2.42-4ubuntu2.8) ...
Selecting previously unselected package libctf0:amd64.
Preparing to unpack .../09-libctf0_2.42-4ubuntu2.8_amd64.deb ...
Unpacking libctf0:amd64 (2.42-4ubuntu2.8) ...
Selecting previously unselected package libgprofng0:amd64.
Preparing to unpack .../10-libgprofng0_2.42-4ubuntu2.8_amd64.deb ...
Unpacking libgprofng0:amd64 (2.42-4ubuntu2.8) ...
Selecting previously unselected package binutils-x86-64-linux-gnu.
Preparing to unpack .../11-binutils-x86-64-linux-gnu_2.42-4ubuntu2.8_amd64.deb ...
Unpacking binutils-x86-64-linux-gnu (2.42-4ubuntu2.8) ...
Selecting previously unselected package binutils.
Preparing to unpack .../12-binutils_2.42-4ubuntu2.8_amd64.deb ...
Unpacking binutils (2.42-4ubuntu2.8) ...
Selecting previously unselected package libcc1-0:amd64.
Preparing to unpack .../13-libcc1-0_14.2.0-4ubuntu2~24.04_amd64.deb ...
Unpacking libcc1-0:amd64 (14.2.0-4ubuntu2~24.04) ...
Selecting previously unselected package libitm1:amd64.
Preparing to unpack .../14-libitm1_14.2.0-4ubuntu2~24.04_amd64.deb ...
Unpacking libitm1:amd64 (14.2.0-4ubuntu2~24.04) ...
Selecting previously unselected package libasan8:amd64.
Preparing to unpack .../15-libasan8_14.2.0-4ubuntu2~24.04_amd64.deb ...
Unpacking libasan8:amd64 (14.2.0-4ubuntu2~24.04) ...
Selecting previously unselected package liblsan0:amd64.
Preparing to unpack .../16-liblsan0_14.2.0-4ubuntu2~24.04_amd64.deb ...
Unpacking liblsan0:amd64 (14.2.0-4ubuntu2~24.04) ...
Selecting previously unselected package libtsan2:amd64.
Preparing to unpack .../17-libtsan2_14.2.0-4ubuntu2~24.04_amd64.deb ...
Unpacking libtsan2:amd64 (14.2.0-4ubuntu2~24.04) ...
Selecting previously unselected package libubsan1:amd64.
Preparing to unpack .../18-libubsan1_14.2.0-4ubuntu2~24.04_amd64.deb ...
Unpacking libubsan1:amd64 (14.2.0-4ubuntu2~24.04) ...
Selecting previously unselected package libhwasan0:amd64.
Preparing to unpack .../19-libhwasan0_14.2.0-4ubuntu2~24.04_amd64.deb ...
Unpacking libhwasan0:amd64 (14.2.0-4ubuntu2~24.04) ...
Selecting previously unselected package libquadmath0:amd64.
Preparing to unpack .../20-libquadmath0_14.2.0-4ubuntu2~24.04_amd64.deb ...
Unpacking libquadmath0:amd64 (14.2.0-4ubuntu2~24.04) ...
Selecting previously unselected package libgcc-13-dev:amd64.
Preparing to unpack .../21-libgcc-13-dev_13.3.0-6ubuntu2~24.04_amd64.deb ...
Unpacking libgcc-13-dev:amd64 (13.3.0-6ubuntu2~24.04) ...
Selecting previously unselected package gcc-13-x86-64-linux-gnu.
Preparing to unpack .../22-gcc-13-x86-64-linux-gnu_13.3.0-6ubuntu2~24.04_amd64.deb ...
Unpacking gcc-13-x86-64-linux-gnu (13.3.0-6ubuntu2~24.04) ...
Selecting previously unselected package gcc-13.
Preparing to unpack .../23-gcc-13_13.3.0-6ubuntu2~24.04_amd64.deb ...
Unpacking gcc-13 (13.3.0-6ubuntu2~24.04) ...
Selecting previously unselected package gcc-x86-64-linux-gnu.
Preparing to unpack .../24-gcc-x86-64-linux-gnu_4%3a13.2.0-7ubuntu1_amd64.deb ...
Unpacking gcc-x86-64-linux-gnu (4:13.2.0-7ubuntu1) ...
Selecting previously unselected package gcc.
Preparing to unpack .../25-gcc_4%3a13.2.0-7ubuntu1_amd64.deb ...
Unpacking gcc (4:13.2.0-7ubuntu1) ...
Selecting previously unselected package libstdc++-13-dev:amd64.
Preparing to unpack .../26-libstdc++-13-dev_13.3.0-6ubuntu2~24.04_amd64.deb ...
Unpacking libstdc++-13-dev:amd64 (13.3.0-6ubuntu2~24.04) ...
Selecting previously unselected package g++-13-x86-64-linux-gnu.
Preparing to unpack .../27-g++-13-x86-64-linux-gnu_13.3.0-6ubuntu2~24.04_amd64.deb ...
Unpacking g++-13-x86-64-linux-gnu (13.3.0-6ubuntu2~24.04) ...
Selecting previously unselected package g++-13.
Preparing to unpack .../28-g++-13_13.3.0-6ubuntu2~24.04_amd64.deb ...
Unpacking g++-13 (13.3.0-6ubuntu2~24.04) ...
Selecting previously unselected package g++-x86-64-linux-gnu.
Preparing to unpack .../29-g++-x86-64-linux-gnu_4%3a13.2.0-7ubuntu1_amd64.deb ...
Unpacking g++-x86-64-linux-gnu (4:13.2.0-7ubuntu1) ...
Selecting previously unselected package g++.
Preparing to unpack .../30-g++_4%3a13.2.0-7ubuntu1_amd64.deb ...
Unpacking g++ (4:13.2.0-7ubuntu1) ...
Selecting previously unselected package make.
Preparing to unpack .../31-make_4.3-4.1build2_amd64.deb ...
Unpacking make (4.3-4.1build2) ...
Selecting previously unselected package libdpkg-perl.
Preparing to unpack .../32-libdpkg-perl_1.22.6ubuntu6.5_all.deb ...
Unpacking libdpkg-perl (1.22.6ubuntu6.5) ...
Selecting previously unselected package bzip2.
Preparing to unpack .../33-bzip2_1.0.8-5.1build0.1_amd64.deb ...
Unpacking bzip2 (1.0.8-5.1build0.1) ...
Selecting previously unselected package lto-disabled-list.
Preparing to unpack .../34-lto-disabled-list_47_all.deb ...
Unpacking lto-disabled-list (47) ...
Selecting previously unselected package dpkg-dev.
Preparing to unpack .../35-dpkg-dev_1.22.6ubuntu6.5_all.deb ...
Unpacking dpkg-dev (1.22.6ubuntu6.5) ...
Selecting previously unselected package build-essential.
Preparing to unpack .../36-build-essential_12.10ubuntu1_amd64.deb ...
Unpacking build-essential (12.10ubuntu1) ...
Selecting previously unselected package libfakeroot:amd64.
Preparing to unpack .../37-libfakeroot_1.33-1_amd64.deb ...
Unpacking libfakeroot:amd64 (1.33-1) ...
Selecting previously unselected package fakeroot.
Preparing to unpack .../38-fakeroot_1.33-1_amd64.deb ...
Unpacking fakeroot (1.33-1) ...
Selecting previously unselected package liberror-perl.
Preparing to unpack .../39-liberror-perl_0.17029-2_all.deb ...
Unpacking liberror-perl (0.17029-2) ...
Selecting previously unselected package git-man.
Preparing to unpack .../40-git-man_1%3a2.43.0-1ubuntu7.3_all.deb ...
Unpacking git-man (1:2.43.0-1ubuntu7.3) ...
Selecting previously unselected package git.
Preparing to unpack .../41-git_1%3a2.43.0-1ubuntu7.3_amd64.deb ...
Unpacking git (1:2.43.0-1ubuntu7.3) ...
Selecting previously unselected package javascript-common.
Preparing to unpack .../42-javascript-common_11+nmu1_all.deb ...
Unpacking javascript-common (11+nmu1) ...
Selecting previously unselected package libalgorithm-diff-perl.
Preparing to unpack .../43-libalgorithm-diff-perl_1.201-1_all.deb ...
Unpacking libalgorithm-diff-perl (1.201-1) ...
Selecting previously unselected package libalgorithm-diff-xs-perl:amd64.
Preparing to unpack .../44-libalgorithm-diff-xs-perl_0.04-8build3_amd64.deb ...
Unpacking libalgorithm-diff-xs-perl:amd64 (0.04-8build3) ...
Selecting previously unselected package libalgorithm-merge-perl.
Preparing to unpack .../45-libalgorithm-merge-perl_0.08-5_all.deb ...
Unpacking libalgorithm-merge-perl (0.08-5) ...
Selecting previously unselected package libcgi-pm-perl.
Preparing to unpack .../46-libcgi-pm-perl_4.63-1_all.deb ...
Unpacking libcgi-pm-perl (4.63-1) ...
Selecting previously unselected package libfcgi0t64:amd64.
Preparing to unpack .../47-libfcgi0t64_2.4.2-2.1ubuntu0.24.04.1_amd64.deb ...
Unpacking libfcgi0t64:amd64 (2.4.2-2.1ubuntu0.24.04.1) ...
Selecting previously unselected package libfcgi-perl.
Preparing to unpack .../48-libfcgi-perl_0.82+ds-3build2_amd64.deb ...
Unpacking libfcgi-perl (0.82+ds-3build2) ...
Selecting previously unselected package libcgi-fast-perl.
Preparing to unpack .../49-libcgi-fast-perl_1%3a2.17-1_all.deb ...
Unpacking libcgi-fast-perl (1:2.17-1) ...
Selecting previously unselected package libmysqlclient21:amd64.
Preparing to unpack .../50-libmysqlclient21_8.0.44-0ubuntu0.24.04.2_amd64.deb ...
Unpacking libmysqlclient21:amd64 (8.0.44-0ubuntu0.24.04.2) ...
Selecting previously unselected package libdbd-mysql-perl:amd64.
Preparing to unpack .../51-libdbd-mysql-perl_4.052-1ubuntu3_amd64.deb ...
Unpacking libdbd-mysql-perl:amd64 (4.052-1ubuntu3) ...
Selecting previously unselected package libexpat1-dev:amd64.
Preparing to unpack .../52-libexpat1-dev_2.6.1-2ubuntu0.3_amd64.deb ...
Unpacking libexpat1-dev:amd64 (2.6.1-2ubuntu0.3) ...
Selecting previously unselected package libfcgi-bin.
Preparing to unpack .../53-libfcgi-bin_2.4.2-2.1ubuntu0.24.04.1_amd64.deb ...
Unpacking libfcgi-bin (2.4.2-2.1ubuntu0.24.04.1) ...
Selecting previously unselected package libfile-fcntllock-perl.
Preparing to unpack .../54-libfile-fcntllock-perl_0.22-4ubuntu5_amd64.deb ...
Unpacking libfile-fcntllock-perl (0.22-4ubuntu5) ...
Selecting previously unselected package libhtml-template-perl.
Preparing to unpack .../55-libhtml-template-perl_2.97-2_all.deb ...
Unpacking libhtml-template-perl (2.97-2) ...
Selecting previously unselected package libjs-jquery.
Preparing to unpack .../56-libjs-jquery_3.6.1+dfsg+~3.5.14-1_all.deb ...
Unpacking libjs-jquery (3.6.1+dfsg+~3.5.14-1) ...
Selecting previously unselected package libjs-underscore.
Preparing to unpack .../57-libjs-underscore_1.13.4~dfsg+~1.11.4-3_all.deb ...
Unpacking libjs-underscore (1.13.4~dfsg+~1.11.4-3) ...
Selecting previously unselected package libjs-sphinxdoc.
Preparing to unpack .../58-libjs-sphinxdoc_7.2.6-6_all.deb ...
Unpacking libjs-sphinxdoc (7.2.6-6) ...
Selecting previously unselected package zlib1g-dev:amd64.
Preparing to unpack .../59-zlib1g-dev_1%3a1.3.dfsg-3.1ubuntu2.1_amd64.deb ...
Unpacking zlib1g-dev:amd64 (1:1.3.dfsg-3.1ubuntu2.1) ...
Selecting previously unselected package libpython3.12-dev:amd64.
Preparing to unpack .../60-libpython3.12-dev_3.12.3-1ubuntu0.9_amd64.deb ...
Unpacking libpython3.12-dev:amd64 (3.12.3-1ubuntu0.9) ...
Selecting previously unselected package libpython3-dev:amd64.
Preparing to unpack .../61-libpython3-dev_3.12.3-0ubuntu2.1_amd64.deb ...
Unpacking libpython3-dev:amd64 (3.12.3-0ubuntu2.1) ...
Selecting previously unselected package libssl-dev:amd64.
Preparing to unpack .../62-libssl-dev_3.0.13-0ubuntu3.6_amd64.deb ...
Unpacking libssl-dev:amd64 (3.0.13-0ubuntu3.6) ...
Selecting previously unselected package libterm-readkey-perl.
Preparing to unpack .../63-libterm-readkey-perl_2.38-2build4_amd64.deb ...
Unpacking libterm-readkey-perl (2.38-2build4) ...
Selecting previously unselected package mariadb-plugin-provider-bzip2.
Preparing to unpack .../64-mariadb-plugin-provider-bzip2_1%3a10.11.13-0ubuntu0.24.04.1_amd64.deb ...
Unpacking mariadb-plugin-provider-bzip2 (1:10.11.13-0ubuntu0.24.04.1) ...
Selecting previously unselected package mariadb-plugin-provider-lz4.
Preparing to unpack .../65-mariadb-plugin-provider-lz4_1%3a10.11.13-0ubuntu0.24.04.1_amd64.deb ...
Unpacking mariadb-plugin-provider-lz4 (1:10.11.13-0ubuntu0.24.04.1) ...
Selecting previously unselected package mariadb-plugin-provider-lzma.
Preparing to unpack .../66-mariadb-plugin-provider-lzma_1%3a10.11.13-0ubuntu0.24.04.1_amd64.deb ...
Unpacking mariadb-plugin-provider-lzma (1:10.11.13-0ubuntu0.24.04.1) ...
Selecting previously unselected package mariadb-plugin-provider-lzo.
Preparing to unpack .../67-mariadb-plugin-provider-lzo_1%3a10.11.13-0ubuntu0.24.04.1_amd64.deb ...
Unpacking mariadb-plugin-provider-lzo (1:10.11.13-0ubuntu0.24.04.1) ...
Selecting previously unselected package libsnappy1v5:amd64.
Preparing to unpack .../68-libsnappy1v5_1.1.10-1build1_amd64.deb ...
Unpacking libsnappy1v5:amd64 (1.1.10-1build1) ...
Selecting previously unselected package mariadb-plugin-provider-snappy.
Preparing to unpack .../69-mariadb-plugin-provider-snappy_1%3a10.11.13-0ubuntu0.24.04.1_amd64.deb ...
Unpacking mariadb-plugin-provider-snappy (1:10.11.13-0ubuntu0.24.04.1) ...
Selecting previously unselected package nginx-common.
Preparing to unpack .../70-nginx-common_1.24.0-2ubuntu7.5_all.deb ...
Unpacking nginx-common (1.24.0-2ubuntu7.5) ...
Selecting previously unselected package nginx.
Preparing to unpack .../71-nginx_1.24.0-2ubuntu7.5_amd64.deb ...
Unpacking nginx (1.24.0-2ubuntu7.5) ...
Selecting previously unselected package pv.
Preparing to unpack .../72-pv_1.8.5-2build1_amd64.deb ...
Unpacking pv (1.8.5-2build1) ...
Selecting previously unselected package python3.12-dev.
Preparing to unpack .../73-python3.12-dev_3.12.3-1ubuntu0.9_amd64.deb ...
Unpacking python3.12-dev (3.12.3-1ubuntu0.9) ...
Selecting previously unselected package python3-dev.
Preparing to unpack .../74-python3-dev_3.12.3-0ubuntu2.1_amd64.deb ...
Unpacking python3-dev (3.12.3-0ubuntu2.1) ...
Selecting previously unselected package python3-setuptools.
Preparing to unpack .../75-python3-setuptools_68.1.2-2ubuntu1.2_all.deb ...
Unpacking python3-setuptools (68.1.2-2ubuntu1.2) ...
Selecting previously unselected package python3-wheel.
Preparing to unpack .../76-python3-wheel_0.42.0-2_all.deb ...
Unpacking python3-wheel (0.42.0-2) ...
Selecting previously unselected package python3-pip.
Preparing to unpack .../77-python3-pip_24.0+dfsg-1ubuntu1.3_all.deb ...
Unpacking python3-pip (24.0+dfsg-1ubuntu1.3) ...
Selecting previously unselected package python3-pip-whl.
Preparing to unpack .../78-python3-pip-whl_24.0+dfsg-1ubuntu1.3_all.deb ...
Unpacking python3-pip-whl (24.0+dfsg-1ubuntu1.3) ...
Selecting previously unselected package python3-setuptools-whl.
Preparing to unpack .../79-python3-setuptools-whl_68.1.2-2ubuntu1.2_all.deb ...
Unpacking python3-setuptools-whl (68.1.2-2ubuntu1.2) ...
Selecting previously unselected package python3.12-venv.
Preparing to unpack .../80-python3.12-venv_3.12.3-1ubuntu0.9_amd64.deb ...
Unpacking python3.12-venv (3.12.3-1ubuntu0.9) ...
Selecting previously unselected package python3-venv.
Preparing to unpack .../81-python3-venv_3.12.3-0ubuntu2.1_amd64.deb ...
Unpacking python3-venv (3.12.3-0ubuntu2.1) ...
Selecting previously unselected package libffi-dev:amd64.
Preparing to unpack .../82-libffi-dev_3.4.6-1build1_amd64.deb ...
Unpacking libffi-dev:amd64 (3.4.6-1build1) ...
Setting up libconfig-inifiles-perl (3.000003-2) ...
Setting up javascript-common (11+nmu1) ...
Setting up galera-4 (26.4.16-2build4) ...
Setting up libmysqlclient21:amd64 (8.0.44-0ubuntu0.24.04.2) ...
Setting up python3-setuptools-whl (68.1.2-2ubuntu1.2) ...
Setting up lto-disabled-list (47) ...
Setting up python3-setuptools (68.1.2-2ubuntu1.2) ...
Setting up libfile-fcntllock-perl (0.22-4ubuntu5) ...
Setting up python3-pip-whl (24.0+dfsg-1ubuntu1.3) ...
Setting up gawk (1:5.2.1-2build3) ...
Setting up libalgorithm-diff-perl (1.201-1) ...
Setting up libfcgi0t64:amd64 (2.4.2-2.1ubuntu0.24.04.1) ...
Setting up libcgi-pm-perl (4.63-1) ...
Setting up libfcgi-bin (2.4.2-2.1ubuntu0.24.04.1) ...
Setting up binutils-common:amd64 (2.42-4ubuntu2.8) ...
Setting up libctf-nobfd0:amd64 (2.42-4ubuntu2.8) ...
Setting up nginx-common (1.24.0-2ubuntu7.5) ...
Created symlink /etc/systemd/system/multi-user.target.wants/nginx.service â†’ /usr/lib/systemd/system/nginx.service.

Setting up libjemalloc2:amd64 (5.3.0-2build1) ...
Setting up bzip2 (1.0.8-5.1build0.1) ...
Setting up libffi-dev:amd64 (3.4.6-1build1) ...
Setting up libhtml-template-perl (2.97-2) ...
Setting up python3-wheel (0.42.0-2) ...
Setting up libsframe1:amd64 (2.42-4ubuntu2.8) ...
Setting up libfakeroot:amd64 (1.33-1) ...
Setting up libsnappy1v5:amd64 (1.1.10-1build1) ...
Setting up dnsmasq (2.90-2ubuntu0.1) ...
Created symlink /etc/systemd/system/multi-user.target.wants/dnsmasq.service â†’ /usr/lib/systemd/system/dnsmasq.service.

Could not execute systemctl:  at /usr/bin/deb-systemd-invoke line 148.
Setting up fakeroot (1.33-1) ...
update-alternatives: using /usr/bin/fakeroot-sysv to provide /usr/bin/fakeroot (fakeroot) in auto mode
Setting up liberror-perl (0.17029-2) ...
Setting up libexpat1-dev:amd64 (2.6.1-2ubuntu0.3) ...
Setting up make (4.3-4.1build2) ...
Setting up socat (1.8.0.0-4build3) ...
Setting up liblzf1:amd64 (3.6-4) ...
Setting up libquadmath0:amd64 (14.2.0-4ubuntu2~24.04) ...
Setting up libssl-dev:amd64 (3.0.13-0ubuntu3.6) ...
Setting up libmariadb3:amd64 (1:10.11.13-0ubuntu0.24.04.1) ...
Setting up python3-pip (24.0+dfsg-1ubuntu1.3) ...
Setting up libdpkg-perl (1.22.6ubuntu6.5) ...
Setting up libubsan1:amd64 (14.2.0-4ubuntu2~24.04) ...
Setting up zlib1g-dev:amd64 (1:1.3.dfsg-3.1ubuntu2.1) ...
Setting up pv (1.8.5-2build1) ...
Setting up libhwasan0:amd64 (14.2.0-4ubuntu2~24.04) ...
Setting up libasan8:amd64 (14.2.0-4ubuntu2~24.04) ...
Setting up libfcgi-perl (0.82+ds-3build2) ...
Setting up git-man (1:2.43.0-1ubuntu7.3) ...
Setting up libtsan2:amd64 (14.2.0-4ubuntu2~24.04) ...
Setting up libjs-jquery (3.6.1+dfsg+~3.5.14-1) ...
Setting up libterm-readkey-perl (2.38-2build4) ...
Setting up libbinutils:amd64 (2.42-4ubuntu2.8) ...
Setting up liburing2:amd64 (2.5-1build1) ...
Setting up libalgorithm-diff-xs-perl:amd64 (0.04-8build3) ...
Setting up libcc1-0:amd64 (14.2.0-4ubuntu2~24.04) ...
Setting up libdbi-perl:amd64 (1.643-4build3) ...
Setting up liblsan0:amd64 (14.2.0-4ubuntu2~24.04) ...
Setting up libitm1:amd64 (14.2.0-4ubuntu2~24.04) ...
Setting up libjs-underscore (1.13.4~dfsg+~1.11.4-3) ...
Setting up libalgorithm-merge-perl (0.08-5) ...
Setting up libctf0:amd64 (2.42-4ubuntu2.8) ...
Setting up python3.12-venv (3.12.3-1ubuntu0.9) ...
Setting up nginx (1.24.0-2ubuntu7.5) ...
 * Upgrading binary nginx       [80G 
[74G[ OK ]
Setting up libcgi-fast-perl (1:2.17-1) ...
Setting up libpython3.12-dev:amd64 (3.12.3-1ubuntu0.9) ...
Setting up mariadb-client-core (1:10.11.13-0ubuntu0.24.04.1) ...
Setting up libgprofng0:amd64 (2.42-4ubuntu2.8) ...
Setting up python3-venv (3.12.3-0ubuntu2.1) ...
Setting up redis-tools (5:7.0.15-1ubuntu0.24.04.2) ...
Setting up libdbd-mysql-perl:amd64 (4.052-1ubuntu3) ...
Setting up python3.12-dev (3.12.3-1ubuntu0.9) ...
Setting up git (1:2.43.0-1ubuntu7.3) ...
Setting up libjs-sphinxdoc (7.2.6-6) ...
Setting up libgcc-13-dev:amd64 (13.3.0-6ubuntu2~24.04) ...
Setting up mariadb-server-core (1:10.11.13-0ubuntu0.24.04.1) ...
Setting up libstdc++-13-dev:amd64 (13.3.0-6ubuntu2~24.04) ...
Setting up binutils-x86-64-linux-gnu (2.42-4ubuntu2.8) ...
Setting up libpython3-dev:amd64 (3.12.3-0ubuntu2.1) ...
Setting up mariadb-client (1:10.11.13-0ubuntu0.24.04.1) ...
Setting up gcc-13-x86-64-linux-gnu (13.3.0-6ubuntu2~24.04) ...
Setting up binutils (2.42-4ubuntu2.8) ...
Setting up redis-server (5:7.0.15-1ubuntu0.24.04.2) ...
Created symlink /etc/systemd/system/redis.service â†’ /usr/lib/systemd/system/redis-server.service.

Created symlink /etc/systemd/system/multi-user.target.wants/redis-server.service â†’ /usr/lib/systemd/system/redis-server.service.

Setting up dpkg-dev (1.22.6ubuntu6.5) ...
Setting up mariadb-server (1:10.11.13-0ubuntu0.24.04.1) ...
Created symlink /etc/systemd/system/multi-user.target.wants/mariadb.service â†’ /usr/lib/systemd/system/mariadb.service.

Setting up mariadb-plugin-provider-bzip2 (1:10.11.13-0ubuntu0.24.04.1) ...
Setting up mariadb-plugin-provider-lzma (1:10.11.13-0ubuntu0.24.04.1) ...
Setting up python3-dev (3.12.3-0ubuntu2.1) ...
Setting up gcc-13 (13.3.0-6ubuntu2~24.04) ...
Setting up mariadb-plugin-provider-lzo (1:10.11.13-0ubuntu0.24.04.1) ...
Setting up g++-13-x86-64-linux-gnu (13.3.0-6ubuntu2~24.04) ...
Setting up gcc-x86-64-linux-gnu (4:13.2.0-7ubuntu1) ...
Setting up mariadb-plugin-provider-lz4 (1:10.11.13-0ubuntu0.24.04.1) ...
Setting up mariadb-plugin-provider-snappy (1:10.11.13-0ubuntu0.24.04.1) ...
Setting up gcc (4:13.2.0-7ubuntu1) ...
Setting up g++-x86-64-linux-gnu (4:13.2.0-7ubuntu1) ...
Setting up g++-13 (13.3.0-6ubuntu2~24.04) ...
Setting up g++ (4:13.2.0-7ubuntu1) ...
update-alternatives: using /usr/bin/g++ to provide /usr/bin/c++ (c++) in auto mode
Setting up build-essential (12.10ubuntu1) ...
Processing triggers for libc-bin (2.39-0ubuntu8.6) ...
Processing triggers for ufw (0.36.2-6) ...
Processing triggers for man-db (2.12.0-4build2) ...
Processing triggers for install-info (7.1-3build2) ...
Processing triggers for mariadb-server (1:10.11.13-0ubuntu0.24.04.1) ...
[0;32m[2026-01-11 10:32:41][INFO][0m Common dependencies installed successfully
[2026-01-11 10:32:41][SUBSTEP] >> Installing PHP and extensions for MISP...
[2026-01-11 10:32:41][DEBUG] Packages: php php-fpm php-cli php-dev php-json php-xml php-mysql php-opcache php-readline php-mbstring php-zip php-curl php-redis php-gd php-gnupg php-intl php-bcmath php-apcu php-bz2
[2026-01-11 10:32:41][CMD] Running: apt-get install -y [PHP packages]
Reading package lists...
Building dependency tree...
Reading state information...
The following additional packages will be installed:
  apache2 apache2-bin apache2-data apache2-utils autoconf automake autopoint
  autotools-dev debhelper debugedit dh-autoreconf dh-strip-nondeterminism dwz
  gettext intltool-debian libapache2-mod-php8.3 libapr1t64
  libaprutil1-dbd-sqlite3 libaprutil1-ldap libaprutil1t64 libarchive-cpio-perl
  libarchive-zip-perl libdebhelper-perl libfile-stripnondeterminism-perl
  libltdl-dev libmail-sendmail-perl libpcre2-16-0 libpcre2-dev libpcre2-posix3
  libpkgconf3 libsodium23 libsub-override-perl libsys-hostname-long-perl
  libtool libzip4t64 m4 php-common php-pear php8.3 php8.3-apcu php8.3-bcmath
  php8.3-bz2 php8.3-cli php8.3-common php8.3-curl php8.3-dev php8.3-fpm
  php8.3-gd php8.3-gnupg php8.3-igbinary php8.3-intl php8.3-mbstring
  php8.3-mysql php8.3-readline php8.3-redis php8.3-xml php8.3-zip pkg-config
  pkg-php-tools pkgconf pkgconf-bin po-debconf shtool
Suggested packages:
  apache2-doc apache2-suexec-pristine | apache2-suexec-custom autoconf-archive
  gnu-standards autoconf-doc dh-make gettext-doc libasprintf-dev
  libgettextpo-dev libtool-doc gfortran | fortran95-compiler gcj-jdk m4-doc
  dh-php libmail-box-perl
The following NEW packages will be installed:
  apache2 apache2-bin apache2-data apache2-utils autoconf automake autopoint
  autotools-dev debhelper debugedit dh-autoreconf dh-strip-nondeterminism dwz
  gettext intltool-debian libapache2-mod-php8.3 libapr1t64
  libaprutil1-dbd-sqlite3 libaprutil1-ldap libaprutil1t64 libarchive-cpio-perl
  libarchive-zip-perl libdebhelper-perl libfile-stripnondeterminism-perl
  libltdl-dev libmail-sendmail-perl libpcre2-16-0 libpcre2-dev libpcre2-posix3
  libpkgconf3 libsodium23 libsub-override-perl libsys-hostname-long-perl
  libtool libzip4t64 m4 php php-apcu php-bcmath php-bz2 php-cli php-common
  php-curl php-dev php-fpm php-gd php-gnupg php-intl php-json php-mbstring
  php-mysql php-pear php-readline php-redis php-xml php-zip php8.3 php8.3-apcu
  php8.3-bcmath php8.3-bz2 php8.3-cli php8.3-common php8.3-curl php8.3-dev
  php8.3-fpm php8.3-gd php8.3-gnupg php8.3-igbinary php8.3-intl
  php8.3-mbstring php8.3-mysql php8.3-opcache php8.3-readline php8.3-redis
  php8.3-xml php8.3-zip pkg-config pkg-php-tools pkgconf pkgconf-bin
  po-debconf shtool
0 upgraded, 82 newly installed, 0 to remove and 148 not upgraded.
Need to get 16.7 MB of archives.
After this operation, 66.0 MB of additional disk space will be used.
Get:1 http://gb.archive.ubuntu.com/ubuntu noble-updates/main amd64 libapr1t64 amd64 1.7.2-3.1ubuntu0.1 [108 kB]
Get:2 http://gb.archive.ubuntu.com/ubuntu noble/main amd64 libaprutil1t64 amd64 1.6.3-1.1ubuntu7 [91.9 kB]
Get:3 http://gb.archive.ubuntu.com/ubuntu noble/main amd64 libaprutil1-dbd-sqlite3 amd64 1.6.3-1.1ubuntu7 [11.2 kB]
Get:4 http://gb.archive.ubuntu.com/ubuntu noble/main amd64 libaprutil1-ldap amd64 1.6.3-1.1ubuntu7 [9,116 B]
Get:5 http://gb.archive.ubuntu.com/ubuntu noble-updates/main amd64 apache2-bin amd64 2.4.58-1ubuntu8.8 [1,331 kB]
Get:6 http://gb.archive.ubuntu.com/ubuntu noble-updates/main amd64 apache2-data all 2.4.58-1ubuntu8.8 [163 kB]
Get:7 http://gb.archive.ubuntu.com/ubuntu noble-updates/main amd64 apache2-utils amd64 2.4.58-1ubuntu8.8 [97.7 kB]
Get:8 http://gb.archive.ubuntu.com/ubuntu noble-updates/main amd64 apache2 amd64 2.4.58-1ubuntu8.8 [90.2 kB]
Get:9 http://gb.archive.ubuntu.com/ubuntu noble/main amd64 php-common all 2:93ubuntu2 [13.9 kB]
Get:10 http://gb.archive.ubuntu.com/ubuntu noble-updates/main amd64 php8.3-common amd64 8.3.6-0ubuntu0.24.04.5 [740 kB]
Get:11 http://gb.archive.ubuntu.com/ubuntu noble-updates/main amd64 php8.3-opcache amd64 8.3.6-0ubuntu0.24.04.5 [371 kB]
Get:12 http://gb.archive.ubuntu.com/ubuntu noble-updates/main amd64 php8.3-readline amd64 8.3.6-0ubuntu0.24.04.5 [13.5 kB]
Get:13 http://gb.archive.ubuntu.com/ubuntu noble-updates/main amd64 libsodium23 amd64 1.0.18-1ubuntu0.24.04.1 [161 kB]
Get:14 http://gb.archive.ubuntu.com/ubuntu noble-updates/main amd64 php8.3-cli amd64 8.3.6-0ubuntu0.24.04.5 [1,915 kB]
Get:15 http://gb.archive.ubuntu.com/ubuntu noble-updates/universe amd64 php8.3-fpm amd64 8.3.6-0ubuntu0.24.04.5 [1,925 kB]
Get:16 http://gb.archive.ubuntu.com/ubuntu noble-updates/main amd64 libapache2-mod-php8.3 amd64 8.3.6-0ubuntu0.24.04.5 [1,851 kB]
Get:17 http://gb.archive.ubuntu.com/ubuntu noble/universe amd64 php8.3-apcu amd64 5.1.22+4.0.11-2ubuntu1 [45.1 kB]
Get:18 http://gb.archive.ubuntu.com/ubuntu noble/universe amd64 php-apcu amd64 5.1.22+4.0.11-2ubuntu1 [3,174 B]
Get:19 http://gb.archive.ubuntu.com/ubuntu noble/universe amd64 php8.3-gnupg amd64 1.5.1-3ubuntu3 [21.5 kB]
Get:20 http://gb.archive.ubuntu.com/ubuntu noble/universe amd64 php-gnupg amd64 1.5.1-3ubuntu3 [2,254 B]
Get:21 http://gb.archive.ubuntu.com/ubuntu noble/universe amd64 php8.3-igbinary amd64 3.2.13-1ubuntu3 [37.9 kB]
Get:22 http://gb.archive.ubuntu.com/ubuntu noble/universe amd64 php8.3-redis amd64 5.3.7+4.3.0-3ubuntu1 [168 kB]
Get:23 http://gb.archive.ubuntu.com/ubuntu noble/universe amd64 php-redis amd64 5.3.7+4.3.0-3ubuntu1 [3,058 B]
Get:24 http://gb.archive.ubuntu.com/ubuntu noble/main amd64 m4 amd64 1.4.19-4build1 [244 kB]
Get:25 http://gb.archive.ubuntu.com/ubuntu noble/main amd64 autoconf all 2.71-3 [339 kB]
Get:26 http://gb.archive.ubuntu.com/ubuntu noble/main amd64 autotools-dev all 20220109.1 [44.9 kB]
Get:27 http://gb.archive.ubuntu.com/ubuntu noble/main amd64 automake all 1:1.16.5-1.3ubuntu1 [558 kB]
Get:28 http://gb.archive.ubuntu.com/ubuntu noble/main amd64 autopoint all 0.21-14ubuntu2 [422 kB]
Get:29 http://gb.archive.ubuntu.com/ubuntu noble/main amd64 libdebhelper-perl all 13.14.1ubuntu5 [89.8 kB]
Get:30 http://gb.archive.ubuntu.com/ubuntu noble/main amd64 libtool all 2.4.7-7build1 [166 kB]
Get:31 http://gb.archive.ubuntu.com/ubuntu noble/main amd64 dh-autoreconf all 20 [16.1 kB]
Get:32 http://gb.archive.ubuntu.com/ubuntu noble/main amd64 libarchive-zip-perl all 1.68-1 [90.2 kB]
Get:33 http://gb.archive.ubuntu.com/ubuntu noble/main amd64 libsub-override-perl all 0.10-1 [10.0 kB]
Get:34 http://gb.archive.ubuntu.com/ubuntu noble/main amd64 libfile-stripnondeterminism-perl all 1.13.1-1 [18.1 kB]
Get:35 http://gb.archive.ubuntu.com/ubuntu noble/main amd64 dh-strip-nondeterminism all 1.13.1-1 [5,362 B]
Get:36 http://gb.archive.ubuntu.com/ubuntu noble/main amd64 debugedit amd64 1:5.0-5build2 [46.1 kB]
Get:37 http://gb.archive.ubuntu.com/ubuntu noble/main amd64 dwz amd64 0.15-1build6 [115 kB]
Get:38 http://gb.archive.ubuntu.com/ubuntu noble/main amd64 gettext amd64 0.21-14ubuntu2 [864 kB]
Get:39 http://gb.archive.ubuntu.com/ubuntu noble/main amd64 intltool-debian all 0.35.0+20060710.6 [23.2 kB]
Get:40 http://gb.archive.ubuntu.com/ubuntu noble/main amd64 po-debconf all 1.0.21+nmu1 [233 kB]
Get:41 http://gb.archive.ubuntu.com/ubuntu noble/main amd64 debhelper all 13.14.1ubuntu5 [869 kB]
Get:42 http://gb.archive.ubuntu.com/ubuntu noble/main amd64 libarchive-cpio-perl all 0.10-3 [10.3 kB]
Get:43 http://gb.archive.ubuntu.com/ubuntu noble/main amd64 libltdl-dev amd64 2.4.7-7build1 [168 kB]
Get:44 http://gb.archive.ubuntu.com/ubuntu noble/main amd64 libsys-hostname-long-perl all 1.5-3 [10.6 kB]
Get:45 http://gb.archive.ubuntu.com/ubuntu noble/main amd64 libmail-sendmail-perl all 0.80-3 [21.7 kB]
Get:46 http://gb.archive.ubuntu.com/ubuntu noble-updates/main amd64 libpcre2-16-0 amd64 10.42-4ubuntu2.1 [210 kB]
Get:47 http://gb.archive.ubuntu.com/ubuntu noble-updates/main amd64 libpcre2-posix3 amd64 10.42-4ubuntu2.1 [6,748 B]
Get:48 http://gb.archive.ubuntu.com/ubuntu noble-updates/main amd64 libpcre2-dev amd64 10.42-4ubuntu2.1 [736 kB]
Get:49 http://gb.archive.ubuntu.com/ubuntu noble/main amd64 libpkgconf3 amd64 1.8.1-2build1 [30.7 kB]
Get:50 http://gb.archive.ubuntu.com/ubuntu noble/universe amd64 libzip4t64 amd64 1.7.3-1.1ubuntu2 [53.6 kB]
Get:51 http://gb.archive.ubuntu.com/ubuntu noble-updates/main amd64 php8.3 all 8.3.6-0ubuntu0.24.04.5 [9,174 B]
Get:52 http://gb.archive.ubuntu.com/ubuntu noble/main amd64 php all 2:8.3+93ubuntu2 [4,076 B]
Get:53 http://gb.archive.ubuntu.com/ubuntu noble-updates/universe amd64 php8.3-bcmath amd64 8.3.6-0ubuntu0.24.04.5 [16.6 kB]
Get:54 http://gb.archive.ubuntu.com/ubuntu noble/universe amd64 php-bcmath all 2:8.3+93ubuntu2 [1,840 B]
Get:55 http://gb.archive.ubuntu.com/ubuntu noble-updates/universe amd64 php8.3-bz2 amd64 8.3.6-0ubuntu0.24.04.5 [11.5 kB]
Get:56 http://gb.archive.ubuntu.com/ubuntu noble/universe amd64 php-bz2 all 2:8.3+93ubuntu2 [1,838 B]
Get:57 http://gb.archive.ubuntu.com/ubuntu noble/main amd64 php-cli all 2:8.3+93ubuntu2 [4,584 B]
Get:58 http://gb.archive.ubuntu.com/ubuntu noble-updates/main amd64 php8.3-curl amd64 8.3.6-0ubuntu0.24.04.5 [40.3 kB]
Get:59 http://gb.archive.ubuntu.com/ubuntu noble/main amd64 php-curl all 2:8.3+93ubuntu2 [1,836 B]
Get:60 http://gb.archive.ubuntu.com/ubuntu noble/main amd64 pkgconf-bin amd64 1.8.1-2build1 [20.7 kB]
Get:61 http://gb.archive.ubuntu.com/ubuntu noble/main amd64 pkgconf amd64 1.8.1-2build1 [16.8 kB]
Get:62 http://gb.archive.ubuntu.com/ubuntu noble/main amd64 pkg-config amd64 1.8.1-2build1 [7,264 B]
Get:63 http://gb.archive.ubuntu.com/ubuntu noble/main amd64 shtool all 2.0.8-10 [122 kB]
Get:64 http://gb.archive.ubuntu.com/ubuntu noble-updates/main amd64 php8.3-dev amd64 8.3.6-0ubuntu0.24.04.5 [527 kB]
Get:65 http://gb.archive.ubuntu.com/ubuntu noble/main amd64 php-dev all 2:8.3+93ubuntu2 [4,510 B]
Get:66 http://gb.archive.ubuntu.com/ubuntu noble/universe amd64 php-fpm all 2:8.3+93ubuntu2 [4,162 B]
Get:67 http://gb.archive.ubuntu.com/ubuntu noble-updates/main amd64 php8.3-gd amd64 8.3.6-0ubuntu0.24.04.5 [31.2 kB]
Get:68 http://gb.archive.ubuntu.com/ubuntu noble/main amd64 php-gd all 2:8.3+93ubuntu2 [1,830 B]
Get:69 http://gb.archive.ubuntu.com/ubuntu noble-updates/universe amd64 php8.3-intl amd64 8.3.6-0ubuntu0.24.04.5 [156 kB]
Get:70 http://gb.archive.ubuntu.com/ubuntu noble/universe amd64 php-intl all 2:8.3+93ubuntu2 [1,846 B]
Get:71 http://gb.archive.ubuntu.com/ubuntu noble/universe amd64 php-json all 2:8.3+93ubuntu2 [1,838 B]
Get:72 http://gb.archive.ubuntu.com/ubuntu noble-updates/main amd64 php8.3-mbstring amd64 8.3.6-0ubuntu0.24.04.5 [512 kB]
Get:73 http://gb.archive.ubuntu.com/ubuntu noble/universe amd64 php-mbstring all 2:8.3+93ubuntu2 [1,848 B]
Get:74 http://gb.archive.ubuntu.com/ubuntu noble-updates/main amd64 php8.3-mysql amd64 8.3.6-0ubuntu0.24.04.5 [127 kB]
Get:75 http://gb.archive.ubuntu.com/ubuntu noble/main amd64 php-mysql all 2:8.3+93ubuntu2 [1,838 B]
Get:76 http://gb.archive.ubuntu.com/ubuntu noble-updates/main amd64 php8.3-xml amd64 8.3.6-0ubuntu0.24.04.5 [126 kB]
Get:77 http://gb.archive.ubuntu.com/ubuntu noble/main amd64 php-xml all 2:8.3+93ubuntu2 [1,856 B]
Get:78 http://gb.archive.ubuntu.com/ubuntu noble/main amd64 php-pear all 1:1.10.13+submodules+notgz+2022032202-2build1 [292 kB]
Get:79 http://gb.archive.ubuntu.com/ubuntu noble/universe amd64 php-readline all 2:8.3+93ubuntu2 [1,842 B]
Get:80 http://gb.archive.ubuntu.com/ubuntu noble-updates/universe amd64 php8.3-zip amd64 8.3.6-0ubuntu0.24.04.5 [29.5 kB]
Get:81 http://gb.archive.ubuntu.com/ubuntu noble/universe amd64 php-zip all 2:8.3+93ubuntu2 [1,832 B]
Get:82 http://gb.archive.ubuntu.com/ubuntu noble/main amd64 pkg-php-tools all 1.44 [32.7 kB]
Fetched 16.7 MB in 3s (5,792 kB/s)
Selecting previously unselected package libapr1t64:amd64.
(Reading database ... 
(Reading database ... 5%
(Reading database ... 10%
(Reading database ... 15%
(Reading database ... 20%
(Reading database ... 25%
(Reading database ... 30%
(Reading database ... 35%
(Reading database ... 40%
(Reading database ... 45%
(Reading database ... 50%
(Reading database ... 55%
(Reading database ... 60%
(Reading database ... 65%
(Reading database ... 70%
(Reading database ... 75%
(Reading database ... 80%
(Reading database ... 85%
(Reading database ... 90%
(Reading database ... 95%
(Reading database ... 100%
(Reading database ... 159952 files and directories currently installed.)
Preparing to unpack .../00-libapr1t64_1.7.2-3.1ubuntu0.1_amd64.deb ...
Unpacking libapr1t64:amd64 (1.7.2-3.1ubuntu0.1) ...
Selecting previously unselected package libaprutil1t64:amd64.
Preparing to unpack .../01-libaprutil1t64_1.6.3-1.1ubuntu7_amd64.deb ...
Unpacking libaprutil1t64:amd64 (1.6.3-1.1ubuntu7) ...
Selecting previously unselected package libaprutil1-dbd-sqlite3:amd64.
Preparing to unpack .../02-libaprutil1-dbd-sqlite3_1.6.3-1.1ubuntu7_amd64.deb ...
Unpacking libaprutil1-dbd-sqlite3:amd64 (1.6.3-1.1ubuntu7) ...
Selecting previously unselected package libaprutil1-ldap:amd64.
Preparing to unpack .../03-libaprutil1-ldap_1.6.3-1.1ubuntu7_amd64.deb ...
Unpacking libaprutil1-ldap:amd64 (1.6.3-1.1ubuntu7) ...
Selecting previously unselected package apache2-bin.
Preparing to unpack .../04-apache2-bin_2.4.58-1ubuntu8.8_amd64.deb ...
Unpacking apache2-bin (2.4.58-1ubuntu8.8) ...
Selecting previously unselected package apache2-data.
Preparing to unpack .../05-apache2-data_2.4.58-1ubuntu8.8_all.deb ...
Unpacking apache2-data (2.4.58-1ubuntu8.8) ...
Selecting previously unselected package apache2-utils.
Preparing to unpack .../06-apache2-utils_2.4.58-1ubuntu8.8_amd64.deb ...
Unpacking apache2-utils (2.4.58-1ubuntu8.8) ...
Selecting previously unselected package apache2.
Preparing to unpack .../07-apache2_2.4.58-1ubuntu8.8_amd64.deb ...
Unpacking apache2 (2.4.58-1ubuntu8.8) ...
Selecting previously unselected package php-common.
Preparing to unpack .../08-php-common_2%3a93ubuntu2_all.deb ...
Unpacking php-common (2:93ubuntu2) ...
Selecting previously unselected package php8.3-common.
Preparing to unpack .../09-php8.3-common_8.3.6-0ubuntu0.24.04.5_amd64.deb ...
Unpacking php8.3-common (8.3.6-0ubuntu0.24.04.5) ...
Selecting previously unselected package php8.3-opcache.
Preparing to unpack .../10-php8.3-opcache_8.3.6-0ubuntu0.24.04.5_amd64.deb ...
Unpacking php8.3-opcache (8.3.6-0ubuntu0.24.04.5) ...
Selecting previously unselected package php8.3-readline.
Preparing to unpack .../11-php8.3-readline_8.3.6-0ubuntu0.24.04.5_amd64.deb ...
Unpacking php8.3-readline (8.3.6-0ubuntu0.24.04.5) ...
Selecting previously unselected package libsodium23:amd64.
Preparing to unpack .../12-libsodium23_1.0.18-1ubuntu0.24.04.1_amd64.deb ...
Unpacking libsodium23:amd64 (1.0.18-1ubuntu0.24.04.1) ...
Selecting previously unselected package php8.3-cli.
Preparing to unpack .../13-php8.3-cli_8.3.6-0ubuntu0.24.04.5_amd64.deb ...
Unpacking php8.3-cli (8.3.6-0ubuntu0.24.04.5) ...
Selecting previously unselected package php8.3-fpm.
Preparing to unpack .../14-php8.3-fpm_8.3.6-0ubuntu0.24.04.5_amd64.deb ...
Unpacking php8.3-fpm (8.3.6-0ubuntu0.24.04.5) ...
Selecting previously unselected package libapache2-mod-php8.3.
Preparing to unpack .../15-libapache2-mod-php8.3_8.3.6-0ubuntu0.24.04.5_amd64.deb ...
Unpacking libapache2-mod-php8.3 (8.3.6-0ubuntu0.24.04.5) ...
Setting up php-common (2:93ubuntu2) ...
Created symlink /etc/systemd/system/timers.target.wants/phpsessionclean.timer â†’ /usr/lib/systemd/system/phpsessionclean.timer.

Selecting previously unselected package php8.3-apcu.
(Reading database ... 
(Reading database ... 5%
(Reading database ... 10%
(Reading database ... 15%
(Reading database ... 20%
(Reading database ... 25%
(Reading database ... 30%
(Reading database ... 35%
(Reading database ... 40%
(Reading database ... 45%
(Reading database ... 50%
(Reading database ... 55%
(Reading database ... 60%
(Reading database ... 65%
(Reading database ... 70%
(Reading database ... 75%
(Reading database ... 80%
(Reading database ... 85%
(Reading database ... 90%
(Reading database ... 95%
(Reading database ... 100%
(Reading database ... 160808 files and directories currently installed.)
Preparing to unpack .../00-php8.3-apcu_5.1.22+4.0.11-2ubuntu1_amd64.deb ...
Unpacking php8.3-apcu (5.1.22+4.0.11-2ubuntu1) ...
Selecting previously unselected package php-apcu.
Preparing to unpack .../01-php-apcu_5.1.22+4.0.11-2ubuntu1_amd64.deb ...
Unpacking php-apcu (5.1.22+4.0.11-2ubuntu1) ...
Selecting previously unselected package php8.3-gnupg.
Preparing to unpack .../02-php8.3-gnupg_1.5.1-3ubuntu3_amd64.deb ...
Unpacking php8.3-gnupg (1.5.1-3ubuntu3) ...
Selecting previously unselected package php-gnupg.
Preparing to unpack .../03-php-gnupg_1.5.1-3ubuntu3_amd64.deb ...
Unpacking php-gnupg (1.5.1-3ubuntu3) ...
Selecting previously unselected package php8.3-igbinary.
Preparing to unpack .../04-php8.3-igbinary_3.2.13-1ubuntu3_amd64.deb ...
Unpacking php8.3-igbinary (3.2.13-1ubuntu3) ...
Selecting previously unselected package php8.3-redis.
Preparing to unpack .../05-php8.3-redis_5.3.7+4.3.0-3ubuntu1_amd64.deb ...
Unpacking php8.3-redis (5.3.7+4.3.0-3ubuntu1) ...
Selecting previously unselected package php-redis.
Preparing to unpack .../06-php-redis_5.3.7+4.3.0-3ubuntu1_amd64.deb ...
Unpacking php-redis (5.3.7+4.3.0-3ubuntu1) ...
Selecting previously unselected package m4.
Preparing to unpack .../07-m4_1.4.19-4build1_amd64.deb ...
Unpacking m4 (1.4.19-4build1) ...
Selecting previously unselected package autoconf.
Preparing to unpack .../08-autoconf_2.71-3_all.deb ...
Unpacking autoconf (2.71-3) ...
Selecting previously unselected package autotools-dev.
Preparing to unpack .../09-autotools-dev_20220109.1_all.deb ...
Unpacking autotools-dev (20220109.1) ...
Selecting previously unselected package automake.
Preparing to unpack .../10-automake_1%3a1.16.5-1.3ubuntu1_all.deb ...
Unpacking automake (1:1.16.5-1.3ubuntu1) ...
Selecting previously unselected package autopoint.
Preparing to unpack .../11-autopoint_0.21-14ubuntu2_all.deb ...
Unpacking autopoint (0.21-14ubuntu2) ...
Selecting previously unselected package libdebhelper-perl.
Preparing to unpack .../12-libdebhelper-perl_13.14.1ubuntu5_all.deb ...
Unpacking libdebhelper-perl (13.14.1ubuntu5) ...
Selecting previously unselected package libtool.
Preparing to unpack .../13-libtool_2.4.7-7build1_all.deb ...
Unpacking libtool (2.4.7-7build1) ...
Selecting previously unselected package dh-autoreconf.
Preparing to unpack .../14-dh-autoreconf_20_all.deb ...
Unpacking dh-autoreconf (20) ...
Selecting previously unselected package libarchive-zip-perl.
Preparing to unpack .../15-libarchive-zip-perl_1.68-1_all.deb ...
Unpacking libarchive-zip-perl (1.68-1) ...
Selecting previously unselected package libsub-override-perl.
Preparing to unpack .../16-libsub-override-perl_0.10-1_all.deb ...
Unpacking libsub-override-perl (0.10-1) ...
Selecting previously unselected package libfile-stripnondeterminism-perl.
Preparing to unpack .../17-libfile-stripnondeterminism-perl_1.13.1-1_all.deb ...
Unpacking libfile-stripnondeterminism-perl (1.13.1-1) ...
Selecting previously unselected package dh-strip-nondeterminism.
Preparing to unpack .../18-dh-strip-nondeterminism_1.13.1-1_all.deb ...
Unpacking dh-strip-nondeterminism (1.13.1-1) ...
Selecting previously unselected package debugedit.
Preparing to unpack .../19-debugedit_1%3a5.0-5build2_amd64.deb ...
Unpacking debugedit (1:5.0-5build2) ...
Selecting previously unselected package dwz.
Preparing to unpack .../20-dwz_0.15-1build6_amd64.deb ...
Unpacking dwz (0.15-1build6) ...
Selecting previously unselected package gettext.
Preparing to unpack .../21-gettext_0.21-14ubuntu2_amd64.deb ...
Unpacking gettext (0.21-14ubuntu2) ...
Selecting previously unselected package intltool-debian.
Preparing to unpack .../22-intltool-debian_0.35.0+20060710.6_all.deb ...
Unpacking intltool-debian (0.35.0+20060710.6) ...
Selecting previously unselected package po-debconf.
Preparing to unpack .../23-po-debconf_1.0.21+nmu1_all.deb ...
Unpacking po-debconf (1.0.21+nmu1) ...
Selecting previously unselected package debhelper.
Preparing to unpack .../24-debhelper_13.14.1ubuntu5_all.deb ...
Unpacking debhelper (13.14.1ubuntu5) ...
Selecting previously unselected package libarchive-cpio-perl.
Preparing to unpack .../25-libarchive-cpio-perl_0.10-3_all.deb ...
Unpacking libarchive-cpio-perl (0.10-3) ...
Selecting previously unselected package libltdl-dev:amd64.
Preparing to unpack .../26-libltdl-dev_2.4.7-7build1_amd64.deb ...
Unpacking libltdl-dev:amd64 (2.4.7-7build1) ...
Selecting previously unselected package libsys-hostname-long-perl.
Preparing to unpack .../27-libsys-hostname-long-perl_1.5-3_all.deb ...
Unpacking libsys-hostname-long-perl (1.5-3) ...
Selecting previously unselected package libmail-sendmail-perl.
Preparing to unpack .../28-libmail-sendmail-perl_0.80-3_all.deb ...
Unpacking libmail-sendmail-perl (0.80-3) ...
Selecting previously unselected package libpcre2-16-0:amd64.
Preparing to unpack .../29-libpcre2-16-0_10.42-4ubuntu2.1_amd64.deb ...
Unpacking libpcre2-16-0:amd64 (10.42-4ubuntu2.1) ...
Selecting previously unselected package libpcre2-posix3:amd64.
Preparing to unpack .../30-libpcre2-posix3_10.42-4ubuntu2.1_amd64.deb ...
Unpacking libpcre2-posix3:amd64 (10.42-4ubuntu2.1) ...
Selecting previously unselected package libpcre2-dev:amd64.
Preparing to unpack .../31-libpcre2-dev_10.42-4ubuntu2.1_amd64.deb ...
Unpacking libpcre2-dev:amd64 (10.42-4ubuntu2.1) ...
Selecting previously unselected package libpkgconf3:amd64.
Preparing to unpack .../32-libpkgconf3_1.8.1-2build1_amd64.deb ...
Unpacking libpkgconf3:amd64 (1.8.1-2build1) ...
Selecting previously unselected package libzip4t64:amd64.
Preparing to unpack .../33-libzip4t64_1.7.3-1.1ubuntu2_amd64.deb ...
Unpacking libzip4t64:amd64 (1.7.3-1.1ubuntu2) ...
Selecting previously unselected package php8.3.
Preparing to unpack .../34-php8.3_8.3.6-0ubuntu0.24.04.5_all.deb ...
Unpacking php8.3 (8.3.6-0ubuntu0.24.04.5) ...
Selecting previously unselected package php.
Preparing to unpack .../35-php_2%3a8.3+93ubuntu2_all.deb ...
Unpacking php (2:8.3+93ubuntu2) ...
Selecting previously unselected package php8.3-bcmath.
Preparing to unpack .../36-php8.3-bcmath_8.3.6-0ubuntu0.24.04.5_amd64.deb ...
Unpacking php8.3-bcmath (8.3.6-0ubuntu0.24.04.5) ...
Selecting previously unselected package php-bcmath.
Preparing to unpack .../37-php-bcmath_2%3a8.3+93ubuntu2_all.deb ...
Unpacking php-bcmath (2:8.3+93ubuntu2) ...
Selecting previously unselected package php8.3-bz2.
Preparing to unpack .../38-php8.3-bz2_8.3.6-0ubuntu0.24.04.5_amd64.deb ...
Unpacking php8.3-bz2 (8.3.6-0ubuntu0.24.04.5) ...
Selecting previously unselected package php-bz2.
Preparing to unpack .../39-php-bz2_2%3a8.3+93ubuntu2_all.deb ...
Unpacking php-bz2 (2:8.3+93ubuntu2) ...
Selecting previously unselected package php-cli.
Preparing to unpack .../40-php-cli_2%3a8.3+93ubuntu2_all.deb ...
Unpacking php-cli (2:8.3+93ubuntu2) ...
Selecting previously unselected package php8.3-curl.
Preparing to unpack .../41-php8.3-curl_8.3.6-0ubuntu0.24.04.5_amd64.deb ...
Unpacking php8.3-curl (8.3.6-0ubuntu0.24.04.5) ...
Selecting previously unselected package php-curl.
Preparing to unpack .../42-php-curl_2%3a8.3+93ubuntu2_all.deb ...
Unpacking php-curl (2:8.3+93ubuntu2) ...
Selecting previously unselected package pkgconf-bin.
Preparing to unpack .../43-pkgconf-bin_1.8.1-2build1_amd64.deb ...
Unpacking pkgconf-bin (1.8.1-2build1) ...
Selecting previously unselected package pkgconf:amd64.
Preparing to unpack .../44-pkgconf_1.8.1-2build1_amd64.deb ...
Unpacking pkgconf:amd64 (1.8.1-2build1) ...
Selecting previously unselected package pkg-config:amd64.
Preparing to unpack .../45-pkg-config_1.8.1-2build1_amd64.deb ...
Unpacking pkg-config:amd64 (1.8.1-2build1) ...
Selecting previously unselected package shtool.
Preparing to unpack .../46-shtool_2.0.8-10_all.deb ...
Unpacking shtool (2.0.8-10) ...
Selecting previously unselected package php8.3-dev.
Preparing to unpack .../47-php8.3-dev_8.3.6-0ubuntu0.24.04.5_amd64.deb ...
Unpacking php8.3-dev (8.3.6-0ubuntu0.24.04.5) ...
Selecting previously unselected package php-dev.
Preparing to unpack .../48-php-dev_2%3a8.3+93ubuntu2_all.deb ...
Unpacking php-dev (2:8.3+93ubuntu2) ...
Selecting previously unselected package php-fpm.
Preparing to unpack .../49-php-fpm_2%3a8.3+93ubuntu2_all.deb ...
Unpacking php-fpm (2:8.3+93ubuntu2) ...
Selecting previously unselected package php8.3-gd.
Preparing to unpack .../50-php8.3-gd_8.3.6-0ubuntu0.24.04.5_amd64.deb ...
Unpacking php8.3-gd (8.3.6-0ubuntu0.24.04.5) ...
Selecting previously unselected package php-gd.
Preparing to unpack .../51-php-gd_2%3a8.3+93ubuntu2_all.deb ...
Unpacking php-gd (2:8.3+93ubuntu2) ...
Selecting previously unselected package php8.3-intl.
Preparing to unpack .../52-php8.3-intl_8.3.6-0ubuntu0.24.04.5_amd64.deb ...
Unpacking php8.3-intl (8.3.6-0ubuntu0.24.04.5) ...
Selecting previously unselected package php-intl.
Preparing to unpack .../53-php-intl_2%3a8.3+93ubuntu2_all.deb ...
Unpacking php-intl (2:8.3+93ubuntu2) ...
Selecting previously unselected package php-json.
Preparing to unpack .../54-php-json_2%3a8.3+93ubuntu2_all.deb ...
Unpacking php-json (2:8.3+93ubuntu2) ...
Selecting previously unselected package php8.3-mbstring.
Preparing to unpack .../55-php8.3-mbstring_8.3.6-0ubuntu0.24.04.5_amd64.deb ...
Unpacking php8.3-mbstring (8.3.6-0ubuntu0.24.04.5) ...
Selecting previously unselected package php-mbstring.
Preparing to unpack .../56-php-mbstring_2%3a8.3+93ubuntu2_all.deb ...
Unpacking php-mbstring (2:8.3+93ubuntu2) ...
Selecting previously unselected package php8.3-mysql.
Preparing to unpack .../57-php8.3-mysql_8.3.6-0ubuntu0.24.04.5_amd64.deb ...
Unpacking php8.3-mysql (8.3.6-0ubuntu0.24.04.5) ...
Selecting previously unselected package php-mysql.
Preparing to unpack .../58-php-mysql_2%3a8.3+93ubuntu2_all.deb ...
Unpacking php-mysql (2:8.3+93ubuntu2) ...
Selecting previously unselected package php8.3-xml.
Preparing to unpack .../59-php8.3-xml_8.3.6-0ubuntu0.24.04.5_amd64.deb ...
Unpacking php8.3-xml (8.3.6-0ubuntu0.24.04.5) ...
Selecting previously unselected package php-xml.
Preparing to unpack .../60-php-xml_2%3a8.3+93ubuntu2_all.deb ...
Unpacking php-xml (2:8.3+93ubuntu2) ...
Selecting previously unselected package php-pear.
Preparing to unpack .../61-php-pear_1%3a1.10.13+submodules+notgz+2022032202-2build1_all.deb ...
Unpacking php-pear (1:1.10.13+submodules+notgz+2022032202-2build1) ...
Selecting previously unselected package php-readline.
Preparing to unpack .../62-php-readline_2%3a8.3+93ubuntu2_all.deb ...
Unpacking php-readline (2:8.3+93ubuntu2) ...
Selecting previously unselected package php8.3-zip.
Preparing to unpack .../63-php8.3-zip_8.3.6-0ubuntu0.24.04.5_amd64.deb ...
Unpacking php8.3-zip (8.3.6-0ubuntu0.24.04.5) ...
Selecting previously unselected package php-zip.
Preparing to unpack .../64-php-zip_2%3a8.3+93ubuntu2_all.deb ...
Unpacking php-zip (2:8.3+93ubuntu2) ...
Selecting previously unselected package pkg-php-tools.
Preparing to unpack .../65-pkg-php-tools_1.44_all.deb ...
Unpacking pkg-php-tools (1.44) ...
Setting up shtool (2.0.8-10) ...
Setting up gettext (0.21-14ubuntu2) ...
Setting up libsodium23:amd64 (1.0.18-1ubuntu0.24.04.1) ...
Setting up libarchive-zip-perl (1.68-1) ...
Setting up libdebhelper-perl (13.14.1ubuntu5) ...
Setting up m4 (1.4.19-4build1) ...
Setting up php8.3-common (8.3.6-0ubuntu0.24.04.5) ...

Creating config file /etc/php/8.3/mods-available/calendar.ini with new version

Creating config file /etc/php/8.3/mods-available/ctype.ini with new version

Creating config file /etc/php/8.3/mods-available/exif.ini with new version

Creating config file /etc/php/8.3/mods-available/fileinfo.ini with new version

Creating config file /etc/php/8.3/mods-available/ffi.ini with new version

Creating config file /etc/php/8.3/mods-available/ftp.ini with new version

Creating config file /etc/php/8.3/mods-available/gettext.ini with new version

Creating config file /etc/php/8.3/mods-available/iconv.ini with new version

Creating config file /etc/php/8.3/mods-available/pdo.ini with new version

Creating config file /etc/php/8.3/mods-available/phar.ini with new version

Creating config file /etc/php/8.3/mods-available/posix.ini with new version

Creating config file /etc/php/8.3/mods-available/shmop.ini with new version

Creating config file /etc/php/8.3/mods-available/sockets.ini with new version

Creating config file /etc/php/8.3/mods-available/sysvmsg.ini with new version

Creating config file /etc/php/8.3/mods-available/sysvsem.ini with new version

Creating config file /etc/php/8.3/mods-available/sysvshm.ini with new version

Creating config file /etc/php/8.3/mods-available/tokenizer.ini with new version
Setting up libpcre2-16-0:amd64 (10.42-4ubuntu2.1) ...
Setting up intltool-debian (0.35.0+20060710.6) ...
Setting up php8.3-mysql (8.3.6-0ubuntu0.24.04.5) ...

Creating config file /etc/php/8.3/mods-available/mysqlnd.ini with new version

Creating config file /etc/php/8.3/mods-available/mysqli.ini with new version

Creating config file /etc/php/8.3/mods-available/pdo_mysql.ini with new version
Setting up php8.3-mbstring (8.3.6-0ubuntu0.24.04.5) ...

Creating config file /etc/php/8.3/mods-available/mbstring.ini with new version
Setting up autotools-dev (20220109.1) ...
Setting up libpkgconf3:amd64 (1.8.1-2build1) ...
Setting up php8.3-readline (8.3.6-0ubuntu0.24.04.5) ...

Creating config file /etc/php/8.3/mods-available/readline.ini with new version
Setting up php-readline (2:8.3+93ubuntu2) ...
Setting up autopoint (0.21-14ubuntu2) ...
Setting up pkgconf-bin (1.8.1-2build1) ...
Setting up autoconf (2.71-3) ...
Setting up libpcre2-posix3:amd64 (10.42-4ubuntu2.1) ...
Setting up dwz (0.15-1build6) ...
Setting up php8.3-bcmath (8.3.6-0ubuntu0.24.04.5) ...

Creating config file /etc/php/8.3/mods-available/bcmath.ini with new version
Setting up libarchive-cpio-perl (0.10-3) ...
Setting up libapr1t64:amd64 (1.7.2-3.1ubuntu0.1) ...
Setting up debugedit (1:5.0-5build2) ...
Setting up php8.3-bz2 (8.3.6-0ubuntu0.24.04.5) ...

Creating config file /etc/php/8.3/mods-available/bz2.ini with new version
Setting up libsub-override-perl (0.10-1) ...
Setting up php8.3-xml (8.3.6-0ubuntu0.24.04.5) ...

Creating config file /etc/php/8.3/mods-available/dom.ini with new version

Creating config file /etc/php/8.3/mods-available/simplexml.ini with new version

Creating config file /etc/php/8.3/mods-available/xml.ini with new version

Creating config file /etc/php/8.3/mods-available/xmlreader.ini with new version

Creating config file /etc/php/8.3/mods-available/xmlwriter.ini with new version

Creating config file /etc/php/8.3/mods-available/xsl.ini with new version
Setting up apache2-data (2.4.58-1ubuntu8.8) ...
Setting up php8.3-opcache (8.3.6-0ubuntu0.24.04.5) ...

Creating config file /etc/php/8.3/mods-available/opcache.ini with new version
Setting up libzip4t64:amd64 (1.7.3-1.1ubuntu2) ...
Setting up libsys-hostname-long-perl (1.5-3) ...
Setting up php8.3-gd (8.3.6-0ubuntu0.24.04.5) ...

Creating config file /etc/php/8.3/mods-available/gd.ini with new version
Setting up automake (1:1.16.5-1.3ubuntu1) ...
update-alternatives: using /usr/bin/automake-1.16 to provide /usr/bin/automake (automake) in auto mode
Setting up php-xml (2:8.3+93ubuntu2) ...
Setting up libfile-stripnondeterminism-perl (1.13.1-1) ...
Setting up libaprutil1t64:amd64 (1.6.3-1.1ubuntu7) ...
Setting up php-mysql (2:8.3+93ubuntu2) ...
Setting up libpcre2-dev:amd64 (10.42-4ubuntu2.1) ...
Setting up php-bcmath (2:8.3+93ubuntu2) ...
Setting up php8.3-curl (8.3.6-0ubuntu0.24.04.5) ...

Creating config file /etc/php/8.3/mods-available/curl.ini with new version
Setting up libtool (2.4.7-7build1) ...
Setting up php-bz2 (2:8.3+93ubuntu2) ...
Setting up po-debconf (1.0.21+nmu1) ...
Setting up php8.3-intl (8.3.6-0ubuntu0.24.04.5) ...

Creating config file /etc/php/8.3/mods-available/intl.ini with new version
Setting up libaprutil1-ldap:amd64 (1.6.3-1.1ubuntu7) ...
Setting up php8.3-cli (8.3.6-0ubuntu0.24.04.5) ...
update-alternatives: using /usr/bin/php8.3 to provide /usr/bin/php (php) in auto mode
update-alternatives: using /usr/bin/phar8.3 to provide /usr/bin/phar (phar) in auto mode
update-alternatives: using /usr/bin/phar.phar8.3 to provide /usr/bin/phar.phar (phar.phar) in auto mode

Creating config file /etc/php/8.3/cli/php.ini with new version
Setting up php-mbstring (2:8.3+93ubuntu2) ...
Setting up libaprutil1-dbd-sqlite3:amd64 (1.6.3-1.1ubuntu7) ...
Setting up php8.3-zip (8.3.6-0ubuntu0.24.04.5) ...

Creating config file /etc/php/8.3/mods-available/zip.ini with new version
Setting up pkgconf:amd64 (1.8.1-2build1) ...
Setting up php-intl (2:8.3+93ubuntu2) ...
Setting up dh-autoreconf (20) ...
Setting up libmail-sendmail-perl (0.80-3) ...
Setting up libltdl-dev:amd64 (2.4.7-7build1) ...
Setting up pkg-config:amd64 (1.8.1-2build1) ...
Setting up php8.3-dev (8.3.6-0ubuntu0.24.04.5) ...
update-alternatives: using /usr/bin/php-config8.3 to provide /usr/bin/php-config (php-config) in auto mode
update-alternatives: using /usr/bin/phpize8.3 to provide /usr/bin/phpize (phpize) in auto mode
Setting up dh-strip-nondeterminism (1.13.1-1) ...
Setting up php-cli (2:8.3+93ubuntu2) ...
update-alternatives: using /usr/bin/php.default to provide /usr/bin/php (php) in auto mode
update-alternatives: using /usr/bin/phar.default to provide /usr/bin/phar (phar) in auto mode
update-alternatives: using /usr/bin/phar.phar.default to provide /usr/bin/phar.phar (phar.phar) in auto mode
Setting up php-zip (2:8.3+93ubuntu2) ...
Setting up php8.3-gnupg (1.5.1-3ubuntu3) ...
Setting up php-gd (2:8.3+93ubuntu2) ...
Setting up php8.3-apcu (5.1.22+4.0.11-2ubuntu1) ...
Setting up apache2-utils (2.4.58-1ubuntu8.8) ...
Setting up php-curl (2:8.3+93ubuntu2) ...
Setting up php-pear (1:1.10.13+submodules+notgz+2022032202-2build1) ...
Setting up php-json (2:8.3+93ubuntu2) ...
Setting up php8.3-fpm (8.3.6-0ubuntu0.24.04.5) ...
Package apache2 is not configured yet. Will defer actions by package php8.3-fpm.

Creating config file /etc/php/8.3/fpm/php.ini with new version
NOTICE: Not enabling PHP 8.3 FPM by default.
NOTICE: To enable PHP 8.3 FPM in Apache2 do:
NOTICE: a2enmod proxy_fcgi setenvif
NOTICE: a2enconf php8.3-fpm
NOTICE: You are seeing this message because you have apache2 package installed.
Created symlink /etc/systemd/system/multi-user.target.wants/php8.3-fpm.service â†’ /usr/lib/systemd/system/php8.3-fpm.service.

Setting up php-dev (2:8.3+93ubuntu2) ...
update-alternatives: using /usr/bin/php-config.default to provide /usr/bin/php-config (php-config) in auto mode
update-alternatives: using /usr/bin/phpize.default to provide /usr/bin/phpize (phpize) in auto mode
Setting up php8.3-igbinary (3.2.13-1ubuntu3) ...
Setting up debhelper (13.14.1ubuntu5) ...
Setting up apache2-bin (2.4.58-1ubuntu8.8) ...
Setting up php-gnupg (1.5.1-3ubuntu3) ...
Setting up php8.3 (8.3.6-0ubuntu0.24.04.5) ...
Setting up php-fpm (2:8.3+93ubuntu2) ...
Setting up libapache2-mod-php8.3 (8.3.6-0ubuntu0.24.04.5) ...
Package apache2 is not configured yet. Will defer actions by package libapache2-mod-php8.3.

Creating config file /etc/php/8.3/apache2/php.ini with new version
No module matches 
Setting up php-apcu (5.1.22+4.0.11-2ubuntu1) ...
Setting up php8.3-redis (5.3.7+4.3.0-3ubuntu1) ...
Setting up pkg-php-tools (1.44) ...
Setting up php (2:8.3+93ubuntu2) ...
Setting up apache2 (2.4.58-1ubuntu8.8) ...
Enabling module mpm_event.
Enabling module authz_core.
Enabling module authz_host.
Enabling module authn_core.
Enabling module auth_basic.
Enabling module access_compat.
Enabling module authn_file.
Enabling module authz_user.
Enabling module alias.
Enabling module dir.
Enabling module autoindex.
Enabling module env.
Enabling module mime.
Enabling module negotiation.
Enabling module setenvif.
Enabling module filter.
Enabling module deflate.
Enabling module status.
Enabling module reqtimeout.
Enabling conf charset.
Enabling conf localized-error-pages.
Enabling conf other-vhosts-access-log.
Enabling conf security.
Enabling conf serve-cgi-bin.
Enabling site 000-default.
info: Switch to mpm prefork for package libapache2-mod-php8.3
Module mpm_event disabled.
Enabling module mpm_prefork.
info: Executing deferred 'a2enmod php8.3' for package libapache2-mod-php8.3
Enabling module php8.3.
Created symlink /etc/systemd/system/multi-user.target.wants/apache2.service â†’ /usr/lib/systemd/system/apache2.service.

Could not execute systemctl:  at /usr/bin/deb-systemd-invoke line 148.
Created symlink /etc/systemd/system/multi-user.target.wants/apache-htcacheclean.service â†’ /usr/lib/systemd/system/apache-htcacheclean.service.

Setting up php-redis (5.3.7+4.3.0-3ubuntu1) ...
Processing triggers for ufw (0.36.2-6) ...
Processing triggers for man-db (2.12.0-4build2) ...
Processing triggers for install-info (7.1-3build2) ...
Processing triggers for libc-bin (2.39-0ubuntu8.6) ...
Processing triggers for php8.3-cli (8.3.6-0ubuntu0.24.04.5) ...
Processing triggers for php8.3-fpm (8.3.6-0ubuntu0.24.04.5) ...
NOTICE: Not enabling PHP 8.3 FPM by default.
NOTICE: To enable PHP 8.3 FPM in Apache2 do:
NOTICE: a2enmod proxy_fcgi setenvif
NOTICE: a2enconf php8.3-fpm
NOTICE: You are seeing this message because you have apache2 package installed.
Processing triggers for libapache2-mod-php8.3 (8.3.6-0ubuntu0.24.04.5) ...
[0;1;31mJob for apache2.service failed because the control process exited with error code.[0m

[0;1;31mSee "systemctl status apache2.service" and "journalctl -xeu apache2.service" for details.[0m

invoke-rc.d: initscript apache2, action "restart" failed.
[0;1;31mÃ—[0m apache2.service - The Apache HTTP Server
     Loaded: loaded (]8;;file://morgana-VMware-Virtual-Platform/usr/lib/systemd/system/apache2.service/usr/lib/systemd/system/apache2.service]8;;; [0;1;32menabled[0m; preset: [0;1;32menabled[0m)
     Active: [0;1;31mfailed[0m (Result: exit-code) since Sun 2026-01-11 10:33:19 GMT; 9ms ago
       Docs: ]8;;https://httpd.apache.org/docs/2.4/https://httpd.apache.org/docs/2.4/]8;;
    Process: 32919 ExecStart=/usr/sbin/apachectl start [0;1;31m(code=exited, status=1/FAILURE)[0m
        CPU: 21ms

Jan 11 10:33:19 morgana-VMware-Virtual-Platform systemd[1]: Starting apache2.service - The Apache HTTP Server...
Jan 11 10:33:19 morgana-VMware-Virtual-Platform apachectl[32921]: AH00558: apache2: Could not reliably determine the server's fully qualified domain name, using 127.0.1.1. Set the 'ServerName' directive globally to suppress this message
Jan 11 10:33:19 morgana-VMware-Virtual-Platform apachectl[32921]: (98)Address already in use: AH00072: make_sock: could not bind to address [::]:80
Jan 11 10:33:19 morgana-VMware-Virtual-Platform apachectl[32921]: (98)Address already in use: AH00072: make_sock: could not bind to address 0.0.0.0:80
Jan 11 10:33:19 morgana-VMware-Virtual-Platform apachectl[32921]: no listening sockets available, shutting down
Jan 11 10:33:19 morgana-VMware-Virtual-Platform apachectl[32921]: AH00015: Unable to open logs
Jan 11 10:33:19 morgana-VMware-Virtual-Platform systemd[1]: [0;1;39m[0;1;31m[0;1;39mapache2.service: Control process exited, code=exited, status=1/FAILURE[0m
Jan 11 10:33:19 morgana-VMware-Virtual-Platform systemd[1]: [0;1;38;5;185m[0;1;39m[0;1;38;5;185mapache2.service: Failed with result 'exit-code'.[0m
Jan 11 10:33:19 morgana-VMware-Virtual-Platform systemd[1]: [0;1;31m[0;1;39m[0;1;31mFailed to start apache2.service - The Apache HTTP Server.[0m
[2026-01-11 10:33:21][SUBSTEP] >> Detecting PHP version...
[0;32m[2026-01-11 10:33:21][INFO][0m PHP Version: 8.3
[2026-01-11 10:33:21][DEBUG] PHP FPM service will be: php8.3-fpm
[2026-01-11 10:33:21][SUBSTEP] >> Enabling and starting base services...
[2026-01-11 10:33:21][CMD] Running: systemctl enable mariadb redis-server nginx php8.3-fpm
[2026-01-11 10:33:24][CMD] Running: systemctl start mariadb redis-server php8.3-fpm
[0;32m[2026-01-11 10:33:24][INFO][0m System dependencies installed
[2026-01-11 10:33:24][DEBUG] Step 1 completed successfully

============================================
[2026-01-11 10:33:24] STEP: Step 2: Morgana Arsenal
============================================

[0;36mâ•â•â•â•â•â•â•â•â•â•â•â•â•â•â•â•â•â•â•â•â•â•â•â•â•â•â•â•â•â•â•â•â•â•â•â•â•â•â•â•[0m
[0;36m  Step 2: Morgana Arsenal[0m
[0;36mâ•â•â•â•â•â•â•â•â•â•â•â•â•â•â•â•â•â•â•â•â•â•â•â•â•â•â•â•â•â•â•â•â•â•â•â•â•â•â•â•[0m

[2026-01-11 10:33:24][SUBSTEP] >> Performing FRESH installation...
[0;32m[2026-01-11 10:33:24][INFO][0m Cloning Morgana Arsenal from https://github.com/x3m-ai/morgana-arsenal.git...
[2026-01-11 10:33:24][CMD] Running: git clone https://github.com/x3m-ai/morgana-arsenal.git /home/morgana/morgana-arsenal
Cloning into '/home/morgana/morgana-arsenal'...
[2026-01-11 10:33:27][DEBUG] Git clone completed
[2026-01-11 10:33:27][DEBUG] Changed directory to /home/morgana/morgana-arsenal
[2026-01-11 10:33:27][SUBSTEP] >> Creating Python virtual environment...
[2026-01-11 10:33:27][CMD] Running: python3 -m venv venv
[2026-01-11 10:33:29][DEBUG] Virtual environment created
[2026-01-11 10:33:29][SUBSTEP] >> Installing Python dependencies...
[2026-01-11 10:33:29][CMD] Running: pip install --upgrade pip && pip install -r requirements.txt
Requirement already satisfied: pip in ./venv/lib/python3.12/site-packages (24.0)
Collecting pip
  Downloading pip-25.3-py3-none-any.whl.metadata (4.7 kB)
Downloading pip-25.3-py3-none-any.whl (1.8 MB)
   â”â”â”â”â”â”â”â”â”â”â”â”â”â”â”â”â”â”â”â”â”â”â”â”â”â”â”â”â”â”â”â”â”â”â”â”â”â”â”â” 1.8/1.8 MB 5.7 MB/s eta 0:00:00
Installing collected packages: pip
  Attempting uninstall: pip
    Found existing installation: pip 24.0
    Uninstalling pip-24.0:
      Successfully uninstalled pip-24.0
Successfully installed pip-25.3
Collecting aiohttp-jinja2==1.5.1 (from -r requirements.txt (line 1))
  Downloading aiohttp_jinja2-1.5.1-py3-none-any.whl.metadata (8.1 kB)
Collecting aiohttp==3.12.14 (from -r requirements.txt (line 2))
  Downloading aiohttp-3.12.14-cp312-cp312-manylinux_2_17_x86_64.manylinux2014_x86_64.whl.metadata (7.6 kB)
Collecting aiohttp_session==2.12.0 (from -r requirements.txt (line 3))
  Downloading aiohttp_session-2.12.0-py3-none-any.whl.metadata (8.4 kB)
Collecting aiohttp-security==0.4.0 (from -r requirements.txt (line 4))
  Downloading aiohttp_security-0.4.0-py3-none-any.whl.metadata (2.9 kB)
Collecting aiohttp-apispec==3.0.0b2 (from -r requirements.txt (line 5))
  Downloading aiohttp-apispec-3.0.0b2.tar.gz (2.7 MB)
     â”â”â”â”â”â”â”â”â”â”â”â”â”â”â”â”â”â”â”â”â”â”â”â”â”â”â”â”â”â”â”â”â”â”â”â”â”â”â”â” 2.7/2.7 MB 14.9 MB/s  0:00:00
  Installing build dependencies: started
  Installing build dependencies: finished with status 'done'
  Getting requirements to build wheel: started
  Getting requirements to build wheel: finished with status 'done'
  Preparing metadata (pyproject.toml): started
  Preparing metadata (pyproject.toml): finished with status 'done'
Collecting jinja2==3.1.6 (from -r requirements.txt (line 6))
  Downloading jinja2-3.1.6-py3-none-any.whl.metadata (2.9 kB)
Collecting pyyaml==6.0.1 (from -r requirements.txt (line 7))
  Downloading PyYAML-6.0.1-cp312-cp312-manylinux_2_17_x86_64.manylinux2014_x86_64.whl.metadata (2.1 kB)
Collecting cryptography==44.0.1 (from -r requirements.txt (line 8))
  Downloading cryptography-44.0.1-cp39-abi3-manylinux_2_34_x86_64.whl.metadata (5.7 kB)
Collecting websockets==15.0 (from -r requirements.txt (line 9))
  Downloading websockets-15.0-cp312-cp312-manylinux_2_5_x86_64.manylinux1_x86_64.manylinux_2_17_x86_64.manylinux2014_x86_64.whl.metadata (6.8 kB)
Collecting Sphinx==7.1.2 (from -r requirements.txt (line 10))
  Downloading sphinx-7.1.2-py3-none-any.whl.metadata (5.8 kB)
Collecting sphinx_rtd_theme==1.3.0 (from -r requirements.txt (line 11))
  Downloading sphinx_rtd_theme-1.3.0-py2.py3-none-any.whl.metadata (4.5 kB)
Collecting myst-parser==2.0.0 (from -r requirements.txt (line 12))
  Downloading myst_parser-2.0.0-py3-none-any.whl.metadata (5.4 kB)
Collecting marshmallow==3.20.1 (from -r requirements.txt (line 13))
  Downloading marshmallow-3.20.1-py3-none-any.whl.metadata (7.8 kB)
Collecting dirhash==0.2.1 (from -r requirements.txt (line 14))
  Downloading dirhash-0.2.1-py3-none-any.whl.metadata (5.0 kB)
Collecting marshmallow-enum==1.5.1 (from -r requirements.txt (line 15))
  Downloading marshmallow_enum-1.5.1-py2.py3-none-any.whl.metadata (2.5 kB)
Collecting ldap3==2.9.1 (from -r requirements.txt (line 16))
  Downloading ldap3-2.9.1-py2.py3-none-any.whl.metadata (5.4 kB)
Collecting lxml~=4.9.1 (from -r requirements.txt (line 17))
  Downloading lxml-4.9.4-cp312-cp312-manylinux_2_28_x86_64.whl.metadata (3.7 kB)
Collecting reportlab==4.0.4 (from -r requirements.txt (line 18))
  Downloading reportlab-4.0.4-py3-none-any.whl.metadata (1.3 kB)
Collecting rich==13.7.0 (from -r requirements.txt (line 19))
  Downloading rich-13.7.0-py3-none-any.whl.metadata (18 kB)
Collecting svglib==1.5.1 (from -r requirements.txt (line 20))
  Downloading svglib-1.5.1.tar.gz (913 kB)
     â”â”â”â”â”â”â”â”â”â”â”â”â”â”â”â”â”â”â”â”â”â”â”â”â”â”â”â”â”â”â”â”â”â”â”â”â”â”â”â” 913.9/913.9 kB 43.0 MB/s  0:00:00
  Installing build dependencies: started
  Installing build dependencies: finished with status 'done'
  Getting requirements to build wheel: started
  Getting requirements to build wheel: finished with status 'done'
  Preparing metadata (pyproject.toml): started
  Preparing metadata (pyproject.toml): finished with status 'done'
Collecting Markdown==3.4.4 (from -r requirements.txt (line 21))
  Downloading Markdown-3.4.4-py3-none-any.whl.metadata (6.9 kB)
Collecting dnspython==2.6.1 (from -r requirements.txt (line 22))
  Downloading dnspython-2.6.1-py3-none-any.whl.metadata (5.8 kB)
Collecting asyncssh==2.20.0 (from -r requirements.txt (line 23))
  Downloading asyncssh-2.20.0-py3-none-any.whl.metadata (9.9 kB)
Collecting aioftp~=0.20.0 (from -r requirements.txt (line 24))
  Downloading aioftp-0.20.1-py3-none-any.whl.metadata (5.3 kB)
Collecting packaging==23.2 (from -r requirements.txt (line 25))
  Downloading packaging-23.2-py3-none-any.whl.metadata (3.2 kB)
Collecting croniter~=3.0.3 (from -r requirements.txt (line 26))
  Downloading croniter-3.0.4-py2.py3-none-any.whl.metadata (29 kB)
Collecting setuptools==78.1.1 (from -r requirements.txt (line 27))
  Downloading setuptools-78.1.1-py3-none-any.whl.metadata (6.5 kB)
Collecting aiohappyeyeballs>=2.5.0 (from aiohttp==3.12.14->-r requirements.txt (line 2))
  Downloading aiohappyeyeballs-2.6.1-py3-none-any.whl.metadata (5.9 kB)
Collecting aiosignal>=1.4.0 (from aiohttp==3.12.14->-r requirements.txt (line 2))
  Downloading aiosignal-1.4.0-py3-none-any.whl.metadata (3.7 kB)
Collecting attrs>=17.3.0 (from aiohttp==3.12.14->-r requirements.txt (line 2))
  Downloading attrs-25.4.0-py3-none-any.whl.metadata (10 kB)
Collecting frozenlist>=1.1.1 (from aiohttp==3.12.14->-r requirements.txt (line 2))
  Downloading frozenlist-1.8.0-cp312-cp312-manylinux1_x86_64.manylinux_2_28_x86_64.manylinux_2_5_x86_64.whl.metadata (20 kB)
Collecting multidict<7.0,>=4.5 (from aiohttp==3.12.14->-r requirements.txt (line 2))
  Downloading multidict-6.7.0-cp312-cp312-manylinux2014_x86_64.manylinux_2_17_x86_64.manylinux_2_28_x86_64.whl.metadata (5.3 kB)
Collecting propcache>=0.2.0 (from aiohttp==3.12.14->-r requirements.txt (line 2))
  Downloading propcache-0.4.1-cp312-cp312-manylinux2014_x86_64.manylinux_2_17_x86_64.manylinux_2_28_x86_64.whl.metadata (13 kB)
Collecting yarl<2.0,>=1.17.0 (from aiohttp==3.12.14->-r requirements.txt (line 2))
  Downloading yarl-1.22.0-cp312-cp312-manylinux2014_x86_64.manylinux_2_17_x86_64.manylinux_2_28_x86_64.whl.metadata (75 kB)
Collecting apispec>=5.1.1 (from aiohttp-apispec==3.0.0b2->-r requirements.txt (line 5))
  Downloading apispec-6.9.0-py3-none-any.whl.metadata (10 kB)
Collecting webargs>=8.0.1 (from aiohttp-apispec==3.0.0b2->-r requirements.txt (line 5))
  Downloading webargs-8.7.1-py3-none-any.whl.metadata (6.7 kB)
Collecting MarkupSafe>=2.0 (from jinja2==3.1.6->-r requirements.txt (line 6))
  Downloading markupsafe-3.0.3-cp312-cp312-manylinux2014_x86_64.manylinux_2_17_x86_64.manylinux_2_28_x86_64.whl.metadata (2.7 kB)
Collecting cffi>=1.12 (from cryptography==44.0.1->-r requirements.txt (line 8))
  Downloading cffi-2.0.0-cp312-cp312-manylinux2014_x86_64.manylinux_2_17_x86_64.whl.metadata (2.6 kB)
Collecting sphinxcontrib-applehelp (from Sphinx==7.1.2->-r requirements.txt (line 10))
  Downloading sphinxcontrib_applehelp-2.0.0-py3-none-any.whl.metadata (2.3 kB)
Collecting sphinxcontrib-devhelp (from Sphinx==7.1.2->-r requirements.txt (line 10))
  Downloading sphinxcontrib_devhelp-2.0.0-py3-none-any.whl.metadata (2.3 kB)
Collecting sphinxcontrib-jsmath (from Sphinx==7.1.2->-r requirements.txt (line 10))
  Downloading sphinxcontrib_jsmath-1.0.1-py2.py3-none-any.whl.metadata (1.4 kB)
Collecting sphinxcontrib-htmlhelp>=2.0.0 (from Sphinx==7.1.2->-r requirements.txt (line 10))
  Downloading sphinxcontrib_htmlhelp-2.1.0-py3-none-any.whl.metadata (2.3 kB)
Collecting sphinxcontrib-serializinghtml>=1.1.5 (from Sphinx==7.1.2->-r requirements.txt (line 10))
  Downloading sphinxcontrib_serializinghtml-2.0.0-py3-none-any.whl.metadata (2.4 kB)
Collecting sphinxcontrib-qthelp (from Sphinx==7.1.2->-r requirements.txt (line 10))
  Downloading sphinxcontrib_qthelp-2.0.0-py3-none-any.whl.metadata (2.3 kB)
Collecting Pygments>=2.13 (from Sphinx==7.1.2->-r requirements.txt (line 10))
  Downloading pygments-2.19.2-py3-none-any.whl.metadata (2.5 kB)
Collecting docutils<0.21,>=0.18.1 (from Sphinx==7.1.2->-r requirements.txt (line 10))
  Downloading docutils-0.20.1-py3-none-any.whl.metadata (2.8 kB)
Collecting snowballstemmer>=2.0 (from Sphinx==7.1.2->-r requirements.txt (line 10))
  Downloading snowballstemmer-3.0.1-py3-none-any.whl.metadata (7.9 kB)
Collecting babel>=2.9 (from Sphinx==7.1.2->-r requirements.txt (line 10))
  Downloading babel-2.17.0-py3-none-any.whl.metadata (2.0 kB)
Collecting alabaster<0.8,>=0.7 (from Sphinx==7.1.2->-r requirements.txt (line 10))
  Downloading alabaster-0.7.16-py3-none-any.whl.metadata (2.9 kB)
Collecting imagesize>=1.3 (from Sphinx==7.1.2->-r requirements.txt (line 10))
  Downloading imagesize-1.4.1-py2.py3-none-any.whl.metadata (1.5 kB)
Collecting requests>=2.25.0 (from Sphinx==7.1.2->-r requirements.txt (line 10))
  Downloading requests-2.32.5-py3-none-any.whl.metadata (4.9 kB)
Collecting docutils<0.21,>=0.18.1 (from Sphinx==7.1.2->-r requirements.txt (line 10))
  Downloading docutils-0.18.1-py2.py3-none-any.whl.metadata (2.9 kB)
Collecting sphinxcontrib-jquery<5,>=4 (from sphinx_rtd_theme==1.3.0->-r requirements.txt (line 11))
  Downloading sphinxcontrib_jquery-4.1-py2.py3-none-any.whl.metadata (2.6 kB)
Collecting markdown-it-py~=3.0 (from myst-parser==2.0.0->-r requirements.txt (line 12))
  Downloading markdown_it_py-3.0.0-py3-none-any.whl.metadata (6.9 kB)
Collecting mdit-py-plugins~=0.4 (from myst-parser==2.0.0->-r requirements.txt (line 12))
  Downloading mdit_py_plugins-0.5.0-py3-none-any.whl.metadata (2.8 kB)
Collecting scantree>=0.0.1 (from dirhash==0.2.1->-r requirements.txt (line 14))
  Downloading scantree-0.0.4-py3-none-any.whl.metadata (4.2 kB)
Collecting pyasn1>=0.4.6 (from ldap3==2.9.1->-r requirements.txt (line 16))
  Downloading pyasn1-0.6.1-py3-none-any.whl.metadata (8.4 kB)
Collecting pillow>=9.0.0 (from reportlab==4.0.4->-r requirements.txt (line 18))
  Downloading pillow-12.1.0-cp312-cp312-manylinux_2_27_x86_64.manylinux_2_28_x86_64.whl.metadata (8.8 kB)
Collecting tinycss2>=0.6.0 (from svglib==1.5.1->-r requirements.txt (line 20))
  Downloading tinycss2-1.5.1-py3-none-any.whl.metadata (3.0 kB)
Collecting cssselect2>=0.2.0 (from svglib==1.5.1->-r requirements.txt (line 20))
  Downloading cssselect2-0.8.0-py3-none-any.whl.metadata (2.9 kB)
Collecting typing_extensions>=4.0.0 (from asyncssh==2.20.0->-r requirements.txt (line 23))
  Downloading typing_extensions-4.15.0-py3-none-any.whl.metadata (3.3 kB)
Collecting python-dateutil (from croniter~=3.0.3->-r requirements.txt (line 26))
  Downloading python_dateutil-2.9.0.post0-py2.py3-none-any.whl.metadata (8.4 kB)
Collecting pytz>2021.1 (from croniter~=3.0.3->-r requirements.txt (line 26))
  Downloading pytz-2025.2-py2.py3-none-any.whl.metadata (22 kB)
Collecting mdurl~=0.1 (from markdown-it-py~=3.0->myst-parser==2.0.0->-r requirements.txt (line 12))
  Downloading mdurl-0.1.2-py3-none-any.whl.metadata (1.6 kB)
Collecting idna>=2.0 (from yarl<2.0,>=1.17.0->aiohttp==3.12.14->-r requirements.txt (line 2))
  Downloading idna-3.11-py3-none-any.whl.metadata (8.4 kB)
Collecting pycparser (from cffi>=1.12->cryptography==44.0.1->-r requirements.txt (line 8))
  Downloading pycparser-2.23-py3-none-any.whl.metadata (993 bytes)
Collecting webencodings (from cssselect2>=0.2.0->svglib==1.5.1->-r requirements.txt (line 20))
  Downloading webencodings-0.5.1-py2.py3-none-any.whl.metadata (2.1 kB)
Collecting charset_normalizer<4,>=2 (from requests>=2.25.0->Sphinx==7.1.2->-r requirements.txt (line 10))
  Downloading charset_normalizer-3.4.4-cp312-cp312-manylinux2014_x86_64.manylinux_2_17_x86_64.manylinux_2_28_x86_64.whl.metadata (37 kB)
Collecting urllib3<3,>=1.21.1 (from requests>=2.25.0->Sphinx==7.1.2->-r requirements.txt (line 10))
  Downloading urllib3-2.6.3-py3-none-any.whl.metadata (6.9 kB)
Collecting certifi>=2017.4.17 (from requests>=2.25.0->Sphinx==7.1.2->-r requirements.txt (line 10))
  Downloading certifi-2026.1.4-py3-none-any.whl.metadata (2.5 kB)
Collecting pathspec>=0.10.1 (from scantree>=0.0.1->dirhash==0.2.1->-r requirements.txt (line 14))
  Downloading pathspec-1.0.3-py3-none-any.whl.metadata (13 kB)
Collecting six>=1.5 (from python-dateutil->croniter~=3.0.3->-r requirements.txt (line 26))
  Downloading six-1.17.0-py2.py3-none-any.whl.metadata (1.7 kB)
Downloading aiohttp_jinja2-1.5.1-py3-none-any.whl (11 kB)
Downloading aiohttp-3.12.14-cp312-cp312-manylinux_2_17_x86_64.manylinux2014_x86_64.whl (1.7 MB)
   â”â”â”â”â”â”â”â”â”â”â”â”â”â”â”â”â”â”â”â”â”â”â”â”â”â”â”â”â”â”â”â”â”â”â”â”â”â”â”â” 1.7/1.7 MB 55.5 MB/s  0:00:00
Downloading aiohttp_session-2.12.0-py3-none-any.whl (12 kB)
Downloading aiohttp_security-0.4.0-py3-none-any.whl (6.9 kB)
Downloading jinja2-3.1.6-py3-none-any.whl (134 kB)
Downloading PyYAML-6.0.1-cp312-cp312-manylinux_2_17_x86_64.manylinux2014_x86_64.whl (724 kB)
   â”â”â”â”â”â”â”â”â”â”â”â”â”â”â”â”â”â”â”â”â”â”â”â”â”â”â”â”â”â”â”â”â”â”â”â”â”â”â”â” 725.0/725.0 kB 40.8 MB/s  0:00:00
Downloading cryptography-44.0.1-cp39-abi3-manylinux_2_34_x86_64.whl (4.2 MB)
   â”â”â”â”â”â”â”â”â”â”â”â”â”â”â”â”â”â”â”â”â”â”â”â”â”â”â”â”â”â”â”â”â”â”â”â”â”â”â”â” 4.2/4.2 MB 58.7 MB/s  0:00:00
Downloading websockets-15.0-cp312-cp312-manylinux_2_5_x86_64.manylinux1_x86_64.manylinux_2_17_x86_64.manylinux2014_x86_64.whl (181 kB)
Downloading sphinx-7.1.2-py3-none-any.whl (3.2 MB)
   â”â”â”â”â”â”â”â”â”â”â”â”â”â”â”â”â”â”â”â”â”â”â”â”â”â”â”â”â”â”â”â”â”â”â”â”â”â”â”â” 3.2/3.2 MB 82.4 MB/s  0:00:00
Downloading sphinx_rtd_theme-1.3.0-py2.py3-none-any.whl (2.8 MB)
   â”â”â”â”â”â”â”â”â”â”â”â”â”â”â”â”â”â”â”â”â”â”â”â”â”â”â”â”â”â”â”â”â”â”â”â”â”â”â”â” 2.8/2.8 MB 52.9 MB/s  0:00:00
Downloading myst_parser-2.0.0-py3-none-any.whl (77 kB)
Downloading marshmallow-3.20.1-py3-none-any.whl (49 kB)
Downloading dirhash-0.2.1-py3-none-any.whl (12 kB)
Downloading marshmallow_enum-1.5.1-py2.py3-none-any.whl (4.2 kB)
Downloading ldap3-2.9.1-py2.py3-none-any.whl (432 kB)
Downloading reportlab-4.0.4-py3-none-any.whl (1.9 MB)
   â”â”â”â”â”â”â”â”â”â”â”â”â”â”â”â”â”â”â”â”â”â”â”â”â”â”â”â”â”â”â”â”â”â”â”â”â”â”â”â” 1.9/1.9 MB 66.3 MB/s  0:00:00
Downloading rich-13.7.0-py3-none-any.whl (240 kB)
Downloading Markdown-3.4.4-py3-none-any.whl (94 kB)
Downloading dnspython-2.6.1-py3-none-any.whl (307 kB)
Downloading asyncssh-2.20.0-py3-none-any.whl (373 kB)
Downloading packaging-23.2-py3-none-any.whl (53 kB)
Downloading setuptools-78.1.1-py3-none-any.whl (1.3 MB)
   â”â”â”â”â”â”â”â”â”â”â”â”â”â”â”â”â”â”â”â”â”â”â”â”â”â”â”â”â”â”â”â”â”â”â”â”â”â”â”â” 1.3/1.3 MB 57.8 MB/s  0:00:00
Downloading lxml-4.9.4-cp312-cp312-manylinux_2_28_x86_64.whl (8.0 MB)
   â”â”â”â”â”â”â”â”â”â”â”â”â”â”â”â”â”â”â”â”â”â”â”â”â”â”â”â”â”â”â”â”â”â”â”â”â”â”â”â” 8.0/8.0 MB 78.5 MB/s  0:00:00
Downloading aioftp-0.20.1-py3-none-any.whl (36 kB)
Downloading croniter-3.0.4-py2.py3-none-any.whl (23 kB)
Downloading alabaster-0.7.16-py3-none-any.whl (13 kB)
Downloading docutils-0.18.1-py2.py3-none-any.whl (570 kB)
   â”â”â”â”â”â”â”â”â”â”â”â”â”â”â”â”â”â”â”â”â”â”â”â”â”â”â”â”â”â”â”â”â”â”â”â”â”â”â”â” 570.0/570.0 kB 44.4 MB/s  0:00:00
Downloading markdown_it_py-3.0.0-py3-none-any.whl (87 kB)
Downloading mdit_py_plugins-0.5.0-py3-none-any.whl (57 kB)
Downloading mdurl-0.1.2-py3-none-any.whl (10.0 kB)
Downloading multidict-6.7.0-cp312-cp312-manylinux2014_x86_64.manylinux_2_17_x86_64.manylinux_2_28_x86_64.whl (256 kB)
Downloading pygments-2.19.2-py3-none-any.whl (1.2 MB)
   â”â”â”â”â”â”â”â”â”â”â”â”â”â”â”â”â”â”â”â”â”â”â”â”â”â”â”â”â”â”â”â”â”â”â”â”â”â”â”â” 1.2/1.2 MB 68.9 MB/s  0:00:00
Downloading sphinxcontrib_jquery-4.1-py2.py3-none-any.whl (121 kB)
Downloading yarl-1.22.0-cp312-cp312-manylinux2014_x86_64.manylinux_2_17_x86_64.manylinux_2_28_x86_64.whl (377 kB)
Downloading aiohappyeyeballs-2.6.1-py3-none-any.whl (15 kB)
Downloading aiosignal-1.4.0-py3-none-any.whl (7.5 kB)
Downloading apispec-6.9.0-py3-none-any.whl (30 kB)
Downloading attrs-25.4.0-py3-none-any.whl (67 kB)
Downloading babel-2.17.0-py3-none-any.whl (10.2 MB)
   â”â”â”â”â”â”â”â”â”â”â”â”â”â”â”â”â”â”â”â”â”â”â”â”â”â”â”â”â”â”â”â”â”â”â”â”â”â”â”â” 10.2/10.2 MB 53.6 MB/s  0:00:00
Downloading cffi-2.0.0-cp312-cp312-manylinux2014_x86_64.manylinux_2_17_x86_64.whl (219 kB)
Downloading cssselect2-0.8.0-py3-none-any.whl (15 kB)
Downloading frozenlist-1.8.0-cp312-cp312-manylinux1_x86_64.manylinux_2_28_x86_64.manylinux_2_5_x86_64.whl (242 kB)
Downloading idna-3.11-py3-none-any.whl (71 kB)
Downloading imagesize-1.4.1-py2.py3-none-any.whl (8.8 kB)
Downloading markupsafe-3.0.3-cp312-cp312-manylinux2014_x86_64.manylinux_2_17_x86_64.manylinux_2_28_x86_64.whl (22 kB)
Downloading pillow-12.1.0-cp312-cp312-manylinux_2_27_x86_64.manylinux_2_28_x86_64.whl (7.0 MB)
   â”â”â”â”â”â”â”â”â”â”â”â”â”â”â”â”â”â”â”â”â”â”â”â”â”â”â”â”â”â”â”â”â”â”â”â”â”â”â”â” 7.0/7.0 MB 50.1 MB/s  0:00:00
Downloading propcache-0.4.1-cp312-cp312-manylinux2014_x86_64.manylinux_2_17_x86_64.manylinux_2_28_x86_64.whl (221 kB)
Downloading pyasn1-0.6.1-py3-none-any.whl (83 kB)
Downloading pytz-2025.2-py2.py3-none-any.whl (509 kB)
Downloading requests-2.32.5-py3-none-any.whl (64 kB)
Downloading charset_normalizer-3.4.4-cp312-cp312-manylinux2014_x86_64.manylinux_2_17_x86_64.manylinux_2_28_x86_64.whl (153 kB)
Downloading urllib3-2.6.3-py3-none-any.whl (131 kB)
Downloading certifi-2026.1.4-py3-none-any.whl (152 kB)
Downloading scantree-0.0.4-py3-none-any.whl (20 kB)
Downloading pathspec-1.0.3-py3-none-any.whl (55 kB)
Downloading snowballstemmer-3.0.1-py3-none-any.whl (103 kB)
Downloading sphinxcontrib_htmlhelp-2.1.0-py3-none-any.whl (98 kB)
Downloading sphinxcontrib_serializinghtml-2.0.0-py3-none-any.whl (92 kB)
Downloading tinycss2-1.5.1-py3-none-any.whl (28 kB)
Downloading typing_extensions-4.15.0-py3-none-any.whl (44 kB)
Downloading webargs-8.7.1-py3-none-any.whl (32 kB)
Downloading webencodings-0.5.1-py2.py3-none-any.whl (11 kB)
Downloading pycparser-2.23-py3-none-any.whl (118 kB)
Downloading python_dateutil-2.9.0.post0-py2.py3-none-any.whl (229 kB)
Downloading six-1.17.0-py2.py3-none-any.whl (11 kB)
Downloading sphinxcontrib_applehelp-2.0.0-py3-none-any.whl (119 kB)
Downloading sphinxcontrib_devhelp-2.0.0-py3-none-any.whl (82 kB)
Downloading sphinxcontrib_jsmath-1.0.1-py2.py3-none-any.whl (5.1 kB)
Downloading sphinxcontrib_qthelp-2.0.0-py3-none-any.whl (88 kB)
Building wheels for collected packages: aiohttp-apispec, svglib
  Building wheel for aiohttp-apispec (pyproject.toml): started
  Building wheel for aiohttp-apispec (pyproject.toml): finished with status 'done'
  Created wheel for aiohttp-apispec: filename=aiohttp_apispec-3.0.0b2-py3-none-any.whl size=2672923 sha256=60161d3506767af061b684f192c2c0d14ce2d0e094919f8ec2220f866df68698
  Stored in directory: /home/morgana/.cache/pip/wheels/c7/07/04/2311ba86926afcf30da20949f30221ca1f6206a08b81ee6cb5
  Building wheel for svglib (pyproject.toml): started
  Building wheel for svglib (pyproject.toml): finished with status 'done'
  Created wheel for svglib: filename=svglib-1.5.1-py3-none-any.whl size=30947 sha256=66fdb1cfc5925ed47efa74324ea7be377bc5c77094e0e51657f934cb1bfbddb4
  Stored in directory: /home/morgana/.cache/pip/wheels/9c/a3/80/b15b7e7a70fc699803bfe258ec8eb09db5ad15e1b0871871c5
Successfully built aiohttp-apispec svglib
Installing collected packages: webencodings, pytz, websockets, urllib3, typing_extensions, tinycss2, sphinxcontrib-serializinghtml, sphinxcontrib-qthelp, sphinxcontrib-jsmath, sphinxcontrib-htmlhelp, sphinxcontrib-devhelp, sphinxcontrib-applehelp, snowballstemmer, six, setuptools, pyyaml, Pygments, pycparser, pyasn1, propcache, pillow, pathspec, packaging, multidict, mdurl, MarkupSafe, Markdown, lxml, imagesize, idna, frozenlist, docutils, dnspython, charset_normalizer, certifi, babel, attrs, alabaster, aiohappyeyeballs, aioftp, yarl, scantree, requests, reportlab, python-dateutil, marshmallow, markdown-it-py, ldap3, jinja2, cssselect2, cffi, apispec, aiosignal, webargs, svglib, Sphinx, rich, mdit-py-plugins, marshmallow-enum, dirhash, cryptography, croniter, aiohttp, sphinxcontrib-jquery, myst-parser, asyncssh, aiohttp_session, aiohttp-security, aiohttp-jinja2, aiohttp-apispec, sphinx_rtd_theme

Successfully installed Markdown-3.4.4 MarkupSafe-3.0.3 Pygments-2.19.2 Sphinx-7.1.2 aioftp-0.20.1 aiohappyeyeballs-2.6.1 aiohttp-3.12.14 aiohttp-apispec-3.0.0b2 aiohttp-jinja2-1.5.1 aiohttp-security-0.4.0 aiohttp_session-2.12.0 aiosignal-1.4.0 alabaster-0.7.16 apispec-6.9.0 asyncssh-2.20.0 attrs-25.4.0 babel-2.17.0 certifi-2026.1.4 cffi-2.0.0 charset_normalizer-3.4.4 croniter-3.0.4 cryptography-44.0.1 cssselect2-0.8.0 dirhash-0.2.1 dnspython-2.6.1 docutils-0.18.1 frozenlist-1.8.0 idna-3.11 imagesize-1.4.1 jinja2-3.1.6 ldap3-2.9.1 lxml-4.9.4 markdown-it-py-3.0.0 marshmallow-3.20.1 marshmallow-enum-1.5.1 mdit-py-plugins-0.5.0 mdurl-0.1.2 multidict-6.7.0 myst-parser-2.0.0 packaging-23.2 pathspec-1.0.3 pillow-12.1.0 propcache-0.4.1 pyasn1-0.6.1 pycparser-2.23 python-dateutil-2.9.0.post0 pytz-2025.2 pyyaml-6.0.1 reportlab-4.0.4 requests-2.32.5 rich-13.7.0 scantree-0.0.4 setuptools-78.1.1 six-1.17.0 snowballstemmer-3.0.1 sphinx_rtd_theme-1.3.0 sphinxcontrib-applehelp-2.0.0 sphinxcontrib-devhelp-2.0.0 sphinxcontrib-htmlhelp-2.1.0 sphinxcontrib-jquery-4.1 sphinxcontrib-jsmath-1.0.1 sphinxcontrib-qthelp-2.0.0 sphinxcontrib-serializinghtml-2.0.0 svglib-1.5.1 tinycss2-1.5.1 typing_extensions-4.15.0 urllib3-2.6.3 webargs-8.7.1 webencodings-0.5.1 websockets-15.0 yarl-1.22.0
[2026-01-11 10:33:59][DEBUG] Python dependencies installed
[2026-01-11 10:33:59][SUBSTEP] >> Creating local configuration (conf/local.yml)...
[2026-01-11 10:33:59][DEBUG] Created conf/local.yml
[2026-01-11 10:33:59][SUBSTEP] >> Creating agents.yml configuration...
[2026-01-11 10:33:59][DEBUG] Copied agents.yml from merlino plugin
[2026-01-11 10:33:59][SUBSTEP] >> Creating payloads.yml configuration...
[2026-01-11 10:33:59][DEBUG] Created conf/payloads.yml
[2026-01-11 10:33:59][SUBSTEP] >> Creating log directories...
[2026-01-11 10:33:59][DEBUG] Created /home/morgana/caldera directory
[0;32m[2026-01-11 10:33:59][INFO][0m Morgana Arsenal installed
[2026-01-11 10:33:59][DEBUG] Fresh installation completed
[2026-01-11 10:33:59][DEBUG] Step 2 completed successfully
[2026-01-11 10:33:59][SUBSTEP] >> Checking if Magma frontend needs building...
[0;32m[2026-01-11 10:33:59][INFO][0m Building Magma frontend...
[2026-01-11 10:33:59][DEBUG] Magma directory exists but dist/ not found
[1;33m[2026-01-11 10:33:59][WARN][0m npm not found, installing Node.js...
[2026-01-11 10:33:59][CMD] Running: curl -fsSL https://deb.nodesource.com/setup_20.x | bash -
[38;5;79m2026-01-11 10:34:00 - Installing pre-requisites[0m

WARNING: apt does not have a stable CLI interface. Use with caution in scripts.

Hit:1 http://gb.archive.ubuntu.com/ubuntu noble InRelease
Hit:2 http://gb.archive.ubuntu.com/ubuntu noble-updates InRelease
Hit:3 https://packages.microsoft.com/repos/code stable InRelease
Hit:4 https://dl.google.com/linux/chrome/deb stable InRelease
Hit:5 http://gb.archive.ubuntu.com/ubuntu noble-backports InRelease
Hit:6 http://security.ubuntu.com/ubuntu noble-security InRelease
Reading package lists...
Building dependency tree...
Reading state information...
148 packages can be upgraded. Run 'apt list --upgradable' to see them.

WARNING: apt does not have a stable CLI interface. Use with caution in scripts.

Reading package lists...
Building dependency tree...
Reading state information...
ca-certificates is already the newest version (20240203).
ca-certificates set to manually installed.
curl is already the newest version (8.5.0-2ubuntu10.6).
gnupg is already the newest version (2.4.4-2ubuntu17.4).
The following NEW packages will be installed:
  apt-transport-https
0 upgraded, 1 newly installed, 0 to remove and 148 not upgraded.
Need to get 3,970 B of archives.
After this operation, 36.9 kB of additional disk space will be used.
Get:1 http://gb.archive.ubuntu.com/ubuntu noble-updates/universe amd64 apt-transport-https all 2.8.3 [3,970 B]
Fetched 3,970 B in 0s (30.7 kB/s)
Selecting previously unselected package apt-transport-https.
(Reading database ... 
(Reading database ... 5%
(Reading database ... 10%
(Reading database ... 15%
(Reading database ... 20%
(Reading database ... 25%
(Reading database ... 30%
(Reading database ... 35%
(Reading database ... 40%
(Reading database ... 45%
(Reading database ... 50%
(Reading database ... 55%
(Reading database ... 60%
(Reading database ... 65%
(Reading database ... 70%
(Reading database ... 75%
(Reading database ... 80%
(Reading database ... 85%
(Reading database ... 90%
(Reading database ... 95%
(Reading database ... 100%
(Reading database ... 162979 files and directories currently installed.)
Preparing to unpack .../apt-transport-https_2.8.3_all.deb ...
Unpacking apt-transport-https (2.8.3) ...
Setting up apt-transport-https (2.8.3) ...

WARNING: apt does not have a stable CLI interface. Use with caution in scripts.

Hit:1 http://gb.archive.ubuntu.com/ubuntu noble InRelease
Get:2 https://deb.nodesource.com/node_20.x nodistro InRelease [12.1 kB]
Hit:3 http://gb.archive.ubuntu.com/ubuntu noble-updates InRelease
Hit:4 https://packages.microsoft.com/repos/code stable InRelease
Hit:5 https://dl.google.com/linux/chrome/deb stable InRelease
Hit:6 http://gb.archive.ubuntu.com/ubuntu noble-backports InRelease
Hit:7 http://security.ubuntu.com/ubuntu noble-security InRelease
Get:8 https://deb.nodesource.com/node_20.x nodistro/main amd64 Packages [13.2 kB]
Fetched 25.3 kB in 1s (29.8 kB/s)
Reading package lists...
Building dependency tree...
Reading state information...
148 packages can be upgraded. Run 'apt list --upgradable' to see them.
[1;34m2026-01-11 10:34:09 - Repository configured successfully.[0m
[38;5;79m2026-01-11 10:34:09 - To install Node.js, run: apt install nodejs -y[0m
[38;5;79m2026-01-11 10:34:09 - You can use N|solid Runtime as a node.js alternative[0m
[1;32m2026-01-11 10:34:09 - To install N|solid Runtime, run: apt install nsolid -y 
[0m
[2026-01-11 10:34:09][CMD] Running: apt-get install -y nodejs
Reading package lists...
Building dependency tree...
Reading state information...
The following NEW packages will be installed:
  nodejs
0 upgraded, 1 newly installed, 0 to remove and 148 not upgraded.
Need to get 32.0 MB of archives.
After this operation, 197 MB of additional disk space will be used.
Get:1 https://deb.nodesource.com/node_20.x nodistro/main amd64 nodejs amd64 20.19.6-1nodesource1 [32.0 MB]
Fetched 32.0 MB in 1s (28.2 MB/s)
Selecting previously unselected package nodejs.
(Reading database ... 
(Reading database ... 5%
(Reading database ... 10%
(Reading database ... 15%
(Reading database ... 20%
(Reading database ... 25%
(Reading database ... 30%
(Reading database ... 35%
(Reading database ... 40%
(Reading database ... 45%
(Reading database ... 50%
(Reading database ... 55%
(Reading database ... 60%
(Reading database ... 65%
(Reading database ... 70%
(Reading database ... 75%
(Reading database ... 80%
(Reading database ... 85%
(Reading database ... 90%
(Reading database ... 95%
(Reading database ... 100%
(Reading database ... 162983 files and directories currently installed.)
Preparing to unpack .../nodejs_20.19.6-1nodesource1_amd64.deb ...
Unpacking nodejs (20.19.6-1nodesource1) ...
Setting up nodejs (20.19.6-1nodesource1) ...
Processing triggers for man-db (2.12.0-4build2) ...
[2026-01-11 10:34:15][CMD] Running: npm install

added 434 packages, and audited 435 packages in 8s

67 packages are looking for funding
  run `npm fund` for details

3 vulnerabilities (2 moderate, 1 high)

To address all issues, run:
  npm audit fix

Run `npm audit` for details.
npm notice
npm notice New major version of npm available! 10.8.2 -> 11.7.0
npm notice Changelog: https://github.com/npm/cli/releases/tag/v11.7.0
npm notice To update run: npm install -g npm@11.7.0
npm notice
[2026-01-11 10:34:23][CMD] Running: npm run build

> magma@0.0.0 build
> node prebundle.js && vite build

Copying all plugin GUI source files to magma
Copying over "access" files...
Copying over "atomic" files...
Copying over "builder" files...
Copying over "compass" files...
Copying over "debrief" files...
Copying over "emu" files...
Copying over "gameboard" files...
Copying over "human" files...
Copying over "manx" files...
Copying over "merlino" files...
Copying over "response" files...
Copying over "sandcat" files...
Copying over "ssl" files...
Copying over "stockpile" files...
Copying over "training" files...
Plugin GUI source files copied!
vite v7.1.9 building for production...
transforming...
âœ“ 1536 modules transformed.
rendering chunks...
computing gzip size...
dist/index.html                                0.48 kB â”‚ gzip:   0.31 kB
dist/assets/favicon-ClJZRD7K.png              40.48 kB
dist/assets/caldera-logo-mtn-CZdyOMmr.png     95.74 kB
dist/assets/compass-CH-IFskI.css               0.12 kB â”‚ gzip:   0.13 kB
dist/assets/response-Dqhs0jk2.css              0.21 kB â”‚ gzip:   0.13 kB
dist/assets/access-6LxlNHpI.css                0.33 kB â”‚ gzip:   0.21 kB
dist/assets/debrief-n87Amqar.css               0.81 kB â”‚ gzip:   0.35 kB
dist/assets/gameboard-CRP1tBU_.css             2.06 kB â”‚ gzip:   0.69 kB
dist/assets/human-DBBKYC0l.css                 2.36 kB â”‚ gzip:   0.79 kB
dist/assets/manx-DyL2AHsU.css                  3.14 kB â”‚ gzip:   1.55 kB
dist/assets/training-e56ZIIPR.css              3.96 kB â”‚ gzip:   1.08 kB
dist/assets/index-BBIzh-wO.css               250.63 kB â”‚ gzip:  34.87 kB
dist/assets/sandcat-BfPjioSu.js                0.72 kB â”‚ gzip:   0.46 kB
dist/assets/merlino-DGAlxTE6.js                0.73 kB â”‚ gzip:   0.47 kB
dist/assets/ssl-CBS_VF0L.js                    1.09 kB â”‚ gzip:   0.68 kB
dist/assets/atomic-rWahWVai.js                 1.13 kB â”‚ gzip:   0.65 kB
dist/assets/builder-BhEVGTNQ.js                1.37 kB â”‚ gzip:   0.74 kB
dist/assets/response-ZI_Nn8qG.js               1.59 kB â”‚ gzip:   0.83 kB
dist/assets/emu-Dm7MyZ3z.js                    1.65 kB â”‚ gzip:   0.73 kB
dist/assets/stockpile-Bg5x3Mt4.js              1.69 kB â”‚ gzip:   0.79 kB
dist/assets/compass-DzbvbP-6.js                5.31 kB â”‚ gzip:   2.27 kB
dist/assets/training-CmJ-0u_V.js               8.64 kB â”‚ gzip:   3.39 kB
dist/assets/human-D7neMhsI.js                 12.07 kB â”‚ gzip:   3.58 kB
dist/assets/access-DC23FtUD.js                12.96 kB â”‚ gzip:   4.04 kB
dist/assets/gameboard-CfWJPAMk.js             22.63 kB â”‚ gzip:   6.26 kB
dist/assets/debrief-Dor2qlWw.js               28.48 kB â”‚ gzip:   7.45 kB
dist/assets/manx-CYYNikOK.js                 270.78 kB â”‚ gzip:  66.78 kB
dist/assets/index-CCTgBNb2.js              1,885.57 kB â”‚ gzip: 604.56 kB

(!) Some chunks are larger than 500 kB after minification. Consider:
- Using dynamic import() to code-split the application
- Use build.rollupOptions.output.manualChunks to improve chunking: https://rollupjs.org/configuration-options/#output-manualchunks
- Adjust chunk size limit for this warning via build.chunkSizeWarningLimit.
âœ“ built in 11.03s
[2026-01-11 10:34:35][DEBUG] Magma frontend build completed

============================================
[2026-01-11 10:34:35] STEP: Step 3: Local DNS Configuration (dnsmasq)
============================================

[0;36mâ•â•â•â•â•â•â•â•â•â•â•â•â•â•â•â•â•â•â•â•â•â•â•â•â•â•â•â•â•â•â•â•â•â•â•â•â•â•â•â•[0m
[0;36m  Step 3: Local DNS Configuration (dnsmasq)[0m
[0;36mâ•â•â•â•â•â•â•â•â•â•â•â•â•â•â•â•â•â•â•â•â•â•â•â•â•â•â•â•â•â•â•â•â•â•â•â•â•â•â•â•[0m

[2026-01-11 10:34:35][SUBSTEP] >> Checking systemd-resolved status...
[0;32m[2026-01-11 10:34:35][INFO][0m Configuring systemd-resolved to work with dnsmasq...
[2026-01-11 10:34:35][DEBUG] systemd-resolved is active, configuring to release port 53
[2026-01-11 10:34:35][SUBSTEP] >> Creating /etc/systemd/resolved.conf.d/dnsmasq.conf...
[2026-01-11 10:34:35][DEBUG] Created systemd-resolved config to disable DNSStubListener
[2026-01-11 10:34:35][SUBSTEP] >> Updating /etc/resolv.conf...
[2026-01-11 10:34:35][DEBUG] Updated /etc/resolv.conf to use 127.0.0.1 and 8.8.8.8
[2026-01-11 10:34:35][CMD] Running: systemctl restart systemd-resolved
[2026-01-11 10:34:35][DEBUG] systemd-resolved restarted
[2026-01-11 10:34:35][SUBSTEP] >> Creating dnsmasq configuration for merlino.local...
[0;32m[2026-01-11 10:34:35][INFO][0m Configuring dnsmasq for merlino.local...
[2026-01-11 10:34:35][DEBUG] Created /etc/dnsmasq.d/merlino.conf
[2026-01-11 10:34:35][SUBSTEP] >> Adding local domains to /etc/hosts...
[0;32m[2026-01-11 10:34:35][INFO][0m Added local domains to /etc/hosts
[2026-01-11 10:34:35][DEBUG] Domains added: morgana.merlino.local, misp.merlino.local, launcher.merlino.local
[2026-01-11 10:34:35][SUBSTEP] >> Enabling and restarting dnsmasq...
[2026-01-11 10:34:35][CMD] Running: systemctl enable dnsmasq
Synchronizing state of dnsmasq.service with SysV service script with /usr/lib/systemd/systemd-sysv-install.
Executing: /usr/lib/systemd/systemd-sysv-install enable dnsmasq
[2026-01-11 10:34:36][CMD] Running: systemctl restart dnsmasq
[2026-01-11 10:34:36][DEBUG] dnsmasq service restarted
[2026-01-11 10:34:36][SUBSTEP] >> Verifying DNS resolution...
[0;32m[2026-01-11 10:34:38][INFO][0m DNS resolution working for morgana.merlino.local
[2026-01-11 10:34:38][DEBUG] DNS verification passed
[0;32m[2026-01-11 10:34:38][INFO][0m dnsmasq configured for merlino.local
[2026-01-11 10:34:38][DEBUG] Step 3 completed successfully

============================================
[2026-01-11 10:34:38] STEP: Step 4: SSL Certificates
============================================

[0;36mâ•â•â•â•â•â•â•â•â•â•â•â•â•â•â•â•â•â•â•â•â•â•â•â•â•â•â•â•â•â•â•â•â•â•â•â•â•â•â•â•[0m
[0;36m  Step 4: SSL Certificates[0m
[0;36mâ•â•â•â•â•â•â•â•â•â•â•â•â•â•â•â•â•â•â•â•â•â•â•â•â•â•â•â•â•â•â•â•â•â•â•â•â•â•â•â•[0m

[2026-01-11 10:34:38][SUBSTEP] >> Creating SSL directory...
[2026-01-11 10:34:38][DEBUG] Created /etc/nginx/ssl directory
[0;32m[2026-01-11 10:34:38][INFO][0m Generating SSL certificates for local domains...
[2026-01-11 10:34:38][SUBSTEP] >> Creating OpenSSL SAN configuration...
[2026-01-11 10:34:38][DEBUG] Created /tmp/openssl-san.cnf with SAN entries
[2026-01-11 10:34:38][SUBSTEP] >> Generating CA private key (4096 bit)...
[2026-01-11 10:34:38][CMD] Running: openssl genrsa -out /etc/nginx/ssl/merlino-ca.key 4096
[2026-01-11 10:34:39][SUBSTEP] >> Generating CA certificate...
[2026-01-11 10:34:39][CMD] Running: openssl req -x509 -new -nodes ... -out /etc/nginx/ssl/merlino-ca.crt
[2026-01-11 10:34:39][DEBUG] CA certificate created: /etc/nginx/ssl/merlino-ca.crt
[2026-01-11 10:34:39][SUBSTEP] >> Generating server private key (2048 bit)...
[2026-01-11 10:34:39][CMD] Running: openssl genrsa -out /etc/nginx/ssl/caldera.key 2048
[2026-01-11 10:34:39][SUBSTEP] >> Generating certificate signing request (CSR)...
[2026-01-11 10:34:39][CMD] Running: openssl req -new -key /etc/nginx/ssl/caldera.key -out /tmp/caldera.csr
[2026-01-11 10:34:39][DEBUG] CSR created: /tmp/caldera.csr
[2026-01-11 10:34:39][SUBSTEP] >> Signing server certificate with CA...
[2026-01-11 10:34:39][CMD] Running: openssl x509 -req ... -out /etc/nginx/ssl/caldera.crt
Certificate request self-signature ok
subject=C = IT, ST = Italy, L = Rome, O = Morgana Arsenal, OU = Security, CN = morgana.merlino.local
[2026-01-11 10:34:39][DEBUG] Server certificate created: /etc/nginx/ssl/caldera.crt
[2026-01-11 10:34:39][SUBSTEP] >> Cleaning up temporary files...
[2026-01-11 10:34:39][DEBUG] Removed temporary CSR and config files
[2026-01-11 10:34:39][SUBSTEP] >> Setting certificate file permissions...
[2026-01-11 10:34:39][DEBUG] Permissions set: keys=600, certs=644
[2026-01-11 10:34:39][SUBSTEP] >> Copying CA certificate to web root...
[2026-01-11 10:34:39][DEBUG] CA certificate copied to /var/www/html/merlino-ca.crt
[0;32m[2026-01-11 10:34:39][INFO][0m SSL certificates generated for:
[0;32m[2026-01-11 10:34:39][INFO][0m   - morgana.merlino.local
[0;32m[2026-01-11 10:34:39][INFO][0m   - misp.merlino.local
[0;32m[2026-01-11 10:34:39][INFO][0m   - launcher.merlino.local
[0;32m[2026-01-11 10:34:39][INFO][0m   - *.merlino.local
[0;32m[2026-01-11 10:34:39][INFO][0m   - 192.168.124.131
[0;32m[2026-01-11 10:34:39][INFO][0m 
[0;32m[2026-01-11 10:34:39][INFO][0m CA Certificate available at: http://192.168.124.131/merlino-ca.crt
[2026-01-11 10:34:39][DEBUG] Step 4 completed successfully

============================================
[2026-01-11 10:34:39] STEP: Step 5: Nginx Configuration
============================================

[0;36mâ•â•â•â•â•â•â•â•â•â•â•â•â•â•â•â•â•â•â•â•â•â•â•â•â•â•â•â•â•â•â•â•â•â•â•â•â•â•â•â•[0m
[0;36m  Step 5: Nginx Configuration[0m
[0;36mâ•â•â•â•â•â•â•â•â•â•â•â•â•â•â•â•â•â•â•â•â•â•â•â•â•â•â•â•â•â•â•â•â•â•â•â•â•â•â•â•[0m

[2026-01-11 10:34:39][SUBSTEP] >> Removing default nginx site...
[2026-01-11 10:34:39][DEBUG] Removed /etc/nginx/sites-enabled/default
[2026-01-11 10:34:39][SUBSTEP] >> Creating Morgana Arsenal nginx config (port 443)...
[2026-01-11 10:34:39][DEBUG] Created /etc/nginx/sites-available/launcher.conf
[2026-01-11 10:34:39][SUBSTEP] >> Setting up launcher page...
[0;32m[2026-01-11 10:34:39][INFO][0m Copying launcher.html from Morgana Arsenal repository...
[2026-01-11 10:34:39][DEBUG] Copied /home/morgana/morgana-arsenal/static/launcher.html to /var/www/html/
[2026-01-11 10:34:39][DEBUG] Copied vm-services-guide.html
[2026-01-11 10:34:39][SUBSTEP] >> Enabling nginx sites...
[2026-01-11 10:34:39][DEBUG] Created symlinks in /etc/nginx/sites-enabled/
[0;32m[2026-01-11 10:34:39][INFO][0m Nginx configured for Morgana Arsenal
[2026-01-11 10:34:39][DEBUG] Step 5 completed successfully

============================================
[2026-01-11 10:34:39] STEP: Step 6: Morgana Systemd Service
============================================

[0;36mâ•â•â•â•â•â•â•â•â•â•â•â•â•â•â•â•â•â•â•â•â•â•â•â•â•â•â•â•â•â•â•â•â•â•â•â•â•â•â•â•[0m
[0;36m  Step 6: Morgana Systemd Service[0m
[0;36mâ•â•â•â•â•â•â•â•â•â•â•â•â•â•â•â•â•â•â•â•â•â•â•â•â•â•â•â•â•â•â•â•â•â•â•â•â•â•â•â•[0m

[2026-01-11 10:34:39][SUBSTEP] >> Creating systemd service file...
[2026-01-11 10:34:39][DEBUG] Created /etc/systemd/system/morgana-arsenal.service
[2026-01-11 10:34:39][SUBSTEP] >> Reloading systemd and enabling service...
[2026-01-11 10:34:39][CMD] Running: systemctl daemon-reload
[2026-01-11 10:34:40][CMD] Running: systemctl enable morgana-arsenal
Created symlink /etc/systemd/system/multi-user.target.wants/morgana-arsenal.service â†’ /etc/systemd/system/morgana-arsenal.service.
[2026-01-11 10:34:40][DEBUG] morgana-arsenal service enabled
[0;32m[2026-01-11 10:34:40][INFO][0m Morgana Arsenal service configured
[2026-01-11 10:34:40][DEBUG] Step 6 completed successfully

============================================
[2026-01-11 10:34:40] STEP: Step 7: Installing MISP
============================================

[0;36mâ•â•â•â•â•â•â•â•â•â•â•â•â•â•â•â•â•â•â•â•â•â•â•â•â•â•â•â•â•â•â•â•â•â•â•â•â•â•â•â•[0m
[0;36m  Step 7: Installing MISP[0m
[0;36mâ•â•â•â•â•â•â•â•â•â•â•â•â•â•â•â•â•â•â•â•â•â•â•â•â•â•â•â•â•â•â•â•â•â•â•â•â•â•â•â•[0m

[2026-01-11 10:34:40][DEBUG] MISP_DIR=/var/www/MISP
[2026-01-11 10:34:40][SUBSTEP] >> Cloning MISP repository...
[0;32m[2026-01-11 10:34:40][INFO][0m Cloning MISP...
[2026-01-11 10:34:40][CMD] Running: git clone https://github.com/MISP/MISP.git /var/www/MISP
Cloning into '/var/www/MISP'...
fatal: unable to access 'https://github.com/MISP/MISP.git/': Could not resolve host: github.com
[0;31m[2026-01-11 10:35:00][ERROR][0m Script failed at line 1027 with exit code 128
[0;31m[2026-01-11 10:35:00][ERROR][0m Check log file for details: /home/morgana/install-morgana/morgana-install.log

============================================
INSTALLATION FAILED
Time: 2026-01-11 10:35:00
Log file: /home/morgana/install-morgana/morgana-install.log
============================================
